a:8:{s:2:"ip";s:0:"";s:5:"param";s:21:"s=admin&c=block&a=add";s:6:"userid";i:1;s:6:"action";s:3:"add";s:7:"options";s:33:"自定义资料 - 添加 - 提交";s:8:"username";s:5:"admin";s:10:"controller";s:5:"block";s:10:"optiontime";i:1490264965;}
a:8:{s:2:"ip";s:0:"";s:5:"param";s:21:"s=admin&c=block&a=add";s:6:"userid";i:1;s:6:"action";s:3:"add";s:7:"options";s:33:"自定义资料 - 添加 - 提交";s:8:"username";s:5:"admin";s:10:"controller";s:5:"block";s:10:"optiontime";i:1490264953;}
a:8:{s:2:"ip";s:0:"";s:5:"param";s:21:"s=admin&c=block&a=add";s:6:"userid";i:1;s:6:"action";s:3:"add";s:7:"options";s:33:"自定义资料 - 添加 - 提交";s:8:"username";s:5:"admin";s:10:"controller";s:5:"block";s:10:"optiontime";i:1490264939;}
a:8:{s:2:"ip";s:0:"";s:5:"param";s:21:"s=admin&c=block&a=add";s:6:"userid";i:1;s:6:"action";s:3:"add";s:7:"options";s:33:"自定义资料 - 添加 - 提交";s:8:"username";s:5:"admin";s:10:"controller";s:5:"block";s:10:"optiontime";i:1490264927;}
a:8:{s:2:"ip";s:0:"";s:5:"param";s:24:"s=admin&c=category&a=add";s:6:"userid";i:1;s:6:"action";s:3:"add";s:7:"options";s:30:"栏目管理 - 添加 - 提交";s:8:"username";s:5:"admin";s:10:"controller";s:8:"category";s:10:"optiontime";i:1490264878;}
a:8:{s:2:"ip";s:0:"";s:5:"param";s:40:"s=admin&c=form&a=config&modelid=16&cid=0";s:6:"userid";i:1;s:6:"action";s:6:"config";s:7:"options";s:36:"表单管理 - 表单配置 - 提交";s:8:"username";s:5:"admin";s:10:"controller";s:4:"form";s:10:"optiontime";i:1490264454;}
a:8:{s:2:"ip";s:0:"";s:5:"param";s:34:"s=admin&c=category&a=edit&catid=47";s:6:"userid";i:1;s:6:"action";s:4:"edit";s:7:"options";s:30:"栏目管理 - 修改 - 提交";s:8:"username";s:5:"admin";s:10:"controller";s:8:"category";s:10:"optiontime";i:1490264263;}
a:8:{s:2:"ip";s:0:"";s:5:"param";s:50:"s=admin&c=form&a=config&modelid=16&cid=47&typeid=2";s:6:"userid";i:1;s:6:"action";s:6:"config";s:7:"options";s:36:"表单管理 - 表单配置 - 提交";s:8:"username";s:5:"admin";s:10:"controller";s:4:"form";s:10:"optiontime";i:1490264057;}
a:8:{s:2:"ip";s:0:"";s:5:"param";s:41:"s=admin&c=form&a=config&modelid=16&cid=47";s:6:"userid";i:1;s:6:"action";s:6:"config";s:7:"options";s:36:"表单管理 - 表单配置 - 提交";s:8:"username";s:5:"admin";s:10:"controller";s:4:"form";s:10:"optiontime";i:1490264029;}
a:8:{s:2:"ip";s:0:"";s:5:"param";s:40:"s=admin&c=form&a=config&modelid=16&cid=0";s:6:"userid";i:1;s:6:"action";s:6:"config";s:7:"options";s:36:"表单管理 - 表单配置 - 提交";s:8:"username";s:5:"admin";s:10:"controller";s:4:"form";s:10:"optiontime";i:1490263995;}
a:8:{s:2:"ip";s:0:"";s:5:"param";s:34:"s=admin&c=category&a=edit&catid=47";s:6:"userid";i:1;s:6:"action";s:4:"edit";s:7:"options";s:30:"栏目管理 - 修改 - 提交";s:8:"username";s:5:"admin";s:10:"controller";s:8:"category";s:10:"optiontime";i:1490263934;}
a:8:{s:2:"ip";s:0:"";s:5:"param";s:40:"s=admin&c=form&a=config&modelid=16&cid=0";s:6:"userid";i:1;s:6:"action";s:6:"config";s:7:"options";s:36:"表单管理 - 表单配置 - 提交";s:8:"username";s:5:"admin";s:10:"controller";s:4:"form";s:10:"optiontime";i:1490263844;}
a:8:{s:2:"ip";s:0:"";s:5:"param";s:40:"s=admin&c=form&a=config&modelid=16&cid=0";s:6:"userid";i:1;s:6:"action";s:6:"config";s:7:"options";s:36:"表单管理 - 表单配置 - 提交";s:8:"username";s:5:"admin";s:10:"controller";s:4:"form";s:10:"optiontime";i:1490263807;}
a:8:{s:2:"ip";s:0:"";s:5:"param";s:24:"s=admin&c=category&a=add";s:6:"userid";i:1;s:6:"action";s:3:"add";s:7:"options";s:30:"栏目管理 - 添加 - 提交";s:8:"username";s:5:"admin";s:10:"controller";s:8:"category";s:10:"optiontime";i:1490261697;}
a:8:{s:2:"ip";s:0:"";s:5:"param";s:46:"s=admin&c=model&a=addfield&typeid=3&modelid=16";s:6:"userid";i:1;s:6:"action";s:8:"addfield";s:7:"options";s:36:"模型管理 - 添加字段 - 提交";s:8:"username";s:5:"admin";s:10:"controller";s:5:"model";s:10:"optiontime";i:1490261665;}
a:8:{s:2:"ip";s:0:"";s:5:"param";s:46:"s=admin&c=model&a=addfield&typeid=3&modelid=16";s:6:"userid";i:1;s:6:"action";s:8:"addfield";s:7:"options";s:36:"模型管理 - 添加字段 - 提交";s:8:"username";s:5:"admin";s:10:"controller";s:5:"model";s:10:"optiontime";i:1490261636;}
a:8:{s:2:"ip";s:0:"";s:5:"param";s:46:"s=admin&c=model&a=addfield&typeid=3&modelid=16";s:6:"userid";i:1;s:6:"action";s:8:"addfield";s:7:"options";s:36:"模型管理 - 添加字段 - 提交";s:8:"username";s:5:"admin";s:10:"controller";s:5:"model";s:10:"optiontime";i:1490261617;}
a:8:{s:2:"ip";s:0:"";s:5:"param";s:46:"s=admin&c=model&a=addfield&typeid=3&modelid=16";s:6:"userid";i:1;s:6:"action";s:8:"addfield";s:7:"options";s:36:"模型管理 - 添加字段 - 提交";s:8:"username";s:5:"admin";s:10:"controller";s:5:"model";s:10:"optiontime";i:1490261602;}
a:8:{s:2:"ip";s:0:"";s:5:"param";s:46:"s=admin&c=model&a=addfield&typeid=3&modelid=16";s:6:"userid";i:1;s:6:"action";s:8:"addfield";s:7:"options";s:36:"模型管理 - 添加字段 - 提交";s:8:"username";s:5:"admin";s:10:"controller";s:5:"model";s:10:"optiontime";i:1490261586;}
a:8:{s:2:"ip";s:0:"";s:5:"param";s:46:"s=admin&c=model&a=addfield&typeid=3&modelid=16";s:6:"userid";i:1;s:6:"action";s:8:"addfield";s:7:"options";s:36:"模型管理 - 添加字段 - 提交";s:8:"username";s:5:"admin";s:10:"controller";s:5:"model";s:10:"optiontime";i:1490261572;}
a:8:{s:2:"ip";s:0:"";s:5:"param";s:46:"s=admin&c=model&a=addfield&typeid=3&modelid=16";s:6:"userid";i:1;s:6:"action";s:8:"addfield";s:7:"options";s:36:"模型管理 - 添加字段 - 提交";s:8:"username";s:5:"admin";s:10:"controller";s:5:"model";s:10:"optiontime";i:1490261554;}
a:8:{s:2:"ip";s:0:"";s:5:"param";s:30:"s=admin&c=model&a=add&typeid=3";s:6:"userid";i:1;s:6:"action";s:3:"add";s:7:"options";s:30:"模型管理 - 添加 - 提交";s:8:"username";s:5:"admin";s:10:"controller";s:5:"model";s:10:"optiontime";i:1490261495;}
a:8:{s:2:"ip";s:0:"";s:5:"param";s:43:"s=admin&c=content&a=add&catid=41&modelid=15";s:6:"userid";i:1;s:6:"action";s:3:"add";s:7:"options";s:30:"内容管理 - 添加 - 提交";s:8:"username";s:5:"admin";s:10:"controller";s:7:"content";s:10:"optiontime";i:1490260495;}
a:8:{s:2:"ip";s:0:"";s:5:"param";s:43:"s=admin&c=content&a=add&catid=41&modelid=15";s:6:"userid";i:1;s:6:"action";s:3:"add";s:7:"options";s:30:"内容管理 - 添加 - 提交";s:8:"username";s:5:"admin";s:10:"controller";s:7:"content";s:10:"optiontime";i:1490260477;}
a:8:{s:2:"ip";s:0:"";s:5:"param";s:34:"s=admin&c=category&a=edit&catid=39";s:6:"userid";i:1;s:6:"action";s:4:"edit";s:7:"options";s:30:"栏目管理 - 修改 - 提交";s:8:"username";s:5:"admin";s:10:"controller";s:8:"category";s:10:"optiontime";i:1490260441;}
a:8:{s:2:"ip";s:0:"";s:5:"param";s:34:"s=admin&c=category&a=edit&catid=39";s:6:"userid";i:1;s:6:"action";s:4:"edit";s:7:"options";s:30:"栏目管理 - 修改 - 提交";s:8:"username";s:5:"admin";s:10:"controller";s:8:"category";s:10:"optiontime";i:1490260420;}
a:8:{s:2:"ip";s:0:"";s:5:"param";s:24:"s=admin&c=category&a=add";s:6:"userid";i:1;s:6:"action";s:3:"add";s:7:"options";s:30:"栏目管理 - 添加 - 提交";s:8:"username";s:5:"admin";s:10:"controller";s:8:"category";s:10:"optiontime";i:1490259851;}
a:8:{s:2:"ip";s:0:"";s:5:"param";s:24:"s=admin&c=category&a=add";s:6:"userid";i:1;s:6:"action";s:3:"add";s:7:"options";s:30:"栏目管理 - 添加 - 提交";s:8:"username";s:5:"admin";s:10:"controller";s:8:"category";s:10:"optiontime";i:1490259831;}
a:8:{s:2:"ip";s:0:"";s:5:"param";s:24:"s=admin&c=category&a=add";s:6:"userid";i:1;s:6:"action";s:3:"add";s:7:"options";s:30:"栏目管理 - 添加 - 提交";s:8:"username";s:5:"admin";s:10:"controller";s:8:"category";s:10:"optiontime";i:1490259808;}
a:8:{s:2:"ip";s:0:"";s:5:"param";s:24:"s=admin&c=category&a=add";s:6:"userid";i:1;s:6:"action";s:3:"add";s:7:"options";s:30:"栏目管理 - 添加 - 提交";s:8:"username";s:5:"admin";s:10:"controller";s:8:"category";s:10:"optiontime";i:1490259785;}
a:8:{s:2:"ip";s:0:"";s:5:"param";s:24:"s=admin&c=category&a=add";s:6:"userid";i:1;s:6:"action";s:3:"add";s:7:"options";s:30:"栏目管理 - 添加 - 提交";s:8:"username";s:5:"admin";s:10:"controller";s:8:"category";s:10:"optiontime";i:1490259765;}
a:8:{s:2:"ip";s:0:"";s:5:"param";s:24:"s=admin&c=category&a=add";s:6:"userid";i:1;s:6:"action";s:3:"add";s:7:"options";s:30:"栏目管理 - 添加 - 提交";s:8:"username";s:5:"admin";s:10:"controller";s:8:"category";s:10:"optiontime";i:1490259737;}
a:8:{s:2:"ip";s:0:"";s:5:"param";s:24:"s=admin&c=category&a=add";s:6:"userid";i:1;s:6:"action";s:3:"add";s:7:"options";s:30:"栏目管理 - 添加 - 提交";s:8:"username";s:5:"admin";s:10:"controller";s:8:"category";s:10:"optiontime";i:1490259608;}
a:8:{s:2:"ip";s:0:"";s:5:"param";s:30:"s=admin&c=model&a=add&typeid=1";s:6:"userid";i:1;s:6:"action";s:3:"add";s:7:"options";s:30:"模型管理 - 添加 - 提交";s:8:"username";s:5:"admin";s:10:"controller";s:5:"model";s:10:"optiontime";i:1490259529;}
a:8:{s:2:"ip";s:0:"";s:5:"param";s:28:"s=admin&c=block&a=edit&id=43";s:6:"userid";i:1;s:6:"action";s:4:"edit";s:7:"options";s:33:"自定义资料 - 修改 - 提交";s:8:"username";s:5:"admin";s:10:"controller";s:5:"block";s:10:"optiontime";i:1490256270;}
a:8:{s:2:"ip";s:0:"";s:5:"param";s:28:"s=admin&c=block&a=edit&id=42";s:6:"userid";i:1;s:6:"action";s:4:"edit";s:7:"options";s:33:"自定义资料 - 修改 - 提交";s:8:"username";s:5:"admin";s:10:"controller";s:5:"block";s:10:"optiontime";i:1490256258;}
a:8:{s:2:"ip";s:0:"";s:5:"param";s:28:"s=admin&c=block&a=edit&id=41";s:6:"userid";i:1;s:6:"action";s:4:"edit";s:7:"options";s:33:"自定义资料 - 修改 - 提交";s:8:"username";s:5:"admin";s:10:"controller";s:5:"block";s:10:"optiontime";i:1490256241;}
a:8:{s:2:"ip";s:0:"";s:5:"param";s:28:"s=admin&c=block&a=edit&id=40";s:6:"userid";i:1;s:6:"action";s:4:"edit";s:7:"options";s:33:"自定义资料 - 修改 - 提交";s:8:"username";s:5:"admin";s:10:"controller";s:5:"block";s:10:"optiontime";i:1490256228;}
a:8:{s:2:"ip";s:0:"";s:5:"param";s:28:"s=admin&c=block&a=edit&id=39";s:6:"userid";i:1;s:6:"action";s:4:"edit";s:7:"options";s:33:"自定义资料 - 修改 - 提交";s:8:"username";s:5:"admin";s:10:"controller";s:5:"block";s:10:"optiontime";i:1490256202;}
a:8:{s:2:"ip";s:0:"";s:5:"param";s:28:"s=admin&c=block&a=edit&id=38";s:6:"userid";i:1;s:6:"action";s:4:"edit";s:7:"options";s:33:"自定义资料 - 修改 - 提交";s:8:"username";s:5:"admin";s:10:"controller";s:5:"block";s:10:"optiontime";i:1490256186;}
a:8:{s:2:"ip";s:0:"";s:5:"param";s:21:"s=admin&c=block&a=add";s:6:"userid";i:1;s:6:"action";s:3:"add";s:7:"options";s:33:"自定义资料 - 添加 - 提交";s:8:"username";s:5:"admin";s:10:"controller";s:5:"block";s:10:"optiontime";i:1490256106;}
a:8:{s:2:"ip";s:0:"";s:5:"param";s:21:"s=admin&c=block&a=add";s:6:"userid";i:1;s:6:"action";s:3:"add";s:7:"options";s:33:"自定义资料 - 添加 - 提交";s:8:"username";s:5:"admin";s:10:"controller";s:5:"block";s:10:"optiontime";i:1490256092;}
a:8:{s:2:"ip";s:0:"";s:5:"param";s:24:"s=admin&c=category&a=add";s:6:"userid";i:1;s:6:"action";s:3:"add";s:7:"options";s:30:"栏目管理 - 添加 - 提交";s:8:"username";s:5:"admin";s:10:"controller";s:8:"category";s:10:"optiontime";i:1490256002;}
a:8:{s:2:"ip";s:0:"";s:5:"param";s:30:"s=admin&c=content&a=edit&id=27";s:6:"userid";i:1;s:6:"action";s:4:"edit";s:7:"options";s:30:"内容管理 - 修改 - 提交";s:8:"username";s:5:"admin";s:10:"controller";s:7:"content";s:10:"optiontime";i:1490254141;}
a:8:{s:2:"ip";s:0:"";s:5:"param";s:43:"s=admin&c=content&a=add&catid=38&modelid=14";s:6:"userid";i:1;s:6:"action";s:3:"add";s:7:"options";s:30:"内容管理 - 添加 - 提交";s:8:"username";s:5:"admin";s:10:"controller";s:7:"content";s:10:"optiontime";i:1490254134;}
a:8:{s:2:"ip";s:0:"";s:5:"param";s:24:"s=admin&c=category&a=add";s:6:"userid";i:1;s:6:"action";s:3:"add";s:7:"options";s:30:"栏目管理 - 添加 - 提交";s:8:"username";s:5:"admin";s:10:"controller";s:8:"category";s:10:"optiontime";i:1490253966;}
a:8:{s:2:"ip";s:0:"";s:5:"param";s:46:"s=admin&c=model&a=addfield&typeid=1&modelid=14";s:6:"userid";i:1;s:6:"action";s:8:"addfield";s:7:"options";s:36:"模型管理 - 添加字段 - 提交";s:8:"username";s:5:"admin";s:10:"controller";s:5:"model";s:10:"optiontime";i:1490253855;}
a:8:{s:2:"ip";s:0:"";s:5:"param";s:47:"s=admin&c=model&a=editfield&typeid=1&fieldid=67";s:6:"userid";i:1;s:6:"action";s:9:"editfield";s:7:"options";s:36:"模型管理 - 修改字段 - 提交";s:8:"username";s:5:"admin";s:10:"controller";s:5:"model";s:10:"optiontime";i:1490253798;}
a:8:{s:2:"ip";s:0:"";s:5:"param";s:30:"s=admin&c=model&a=add&typeid=1";s:6:"userid";i:1;s:6:"action";s:3:"add";s:7:"options";s:30:"模型管理 - 添加 - 提交";s:8:"username";s:5:"admin";s:10:"controller";s:5:"model";s:10:"optiontime";i:1490253764;}
a:8:{s:2:"ip";s:0:"";s:5:"param";s:21:"s=admin&c=block&a=add";s:6:"userid";i:1;s:6:"action";s:3:"add";s:7:"options";s:33:"自定义资料 - 添加 - 提交";s:8:"username";s:5:"admin";s:10:"controller";s:5:"block";s:10:"optiontime";i:1490253528;}
a:8:{s:2:"ip";s:0:"";s:5:"param";s:21:"s=admin&c=block&a=add";s:6:"userid";i:1;s:6:"action";s:3:"add";s:7:"options";s:33:"自定义资料 - 添加 - 提交";s:8:"username";s:5:"admin";s:10:"controller";s:5:"block";s:10:"optiontime";i:1490253516;}
a:8:{s:2:"ip";s:0:"";s:5:"param";s:21:"s=admin&c=block&a=add";s:6:"userid";i:1;s:6:"action";s:3:"add";s:7:"options";s:33:"自定义资料 - 添加 - 提交";s:8:"username";s:5:"admin";s:10:"controller";s:5:"block";s:10:"optiontime";i:1490253501;}
a:8:{s:2:"ip";s:0:"";s:5:"param";s:24:"s=admin&c=category&a=add";s:6:"userid";i:1;s:6:"action";s:3:"add";s:7:"options";s:30:"栏目管理 - 添加 - 提交";s:8:"username";s:5:"admin";s:10:"controller";s:8:"category";s:10:"optiontime";i:1490253414;}
a:8:{s:2:"ip";s:0:"";s:5:"param";s:21:"s=admin&c=block&a=add";s:6:"userid";i:1;s:6:"action";s:3:"add";s:7:"options";s:33:"自定义资料 - 添加 - 提交";s:8:"username";s:5:"admin";s:10:"controller";s:5:"block";s:10:"optiontime";i:1490246668;}
a:8:{s:2:"ip";s:0:"";s:5:"param";s:21:"s=admin&c=block&a=add";s:6:"userid";i:1;s:6:"action";s:3:"add";s:7:"options";s:33:"自定义资料 - 添加 - 提交";s:8:"username";s:5:"admin";s:10:"controller";s:5:"block";s:10:"optiontime";i:1490246654;}
a:8:{s:2:"ip";s:0:"";s:5:"param";s:21:"s=admin&c=block&a=add";s:6:"userid";i:1;s:6:"action";s:3:"add";s:7:"options";s:33:"自定义资料 - 添加 - 提交";s:8:"username";s:5:"admin";s:10:"controller";s:5:"block";s:10:"optiontime";i:1490246640;}
a:8:{s:2:"ip";s:0:"";s:5:"param";s:21:"s=admin&c=block&a=add";s:6:"userid";i:1;s:6:"action";s:3:"add";s:7:"options";s:33:"自定义资料 - 添加 - 提交";s:8:"username";s:5:"admin";s:10:"controller";s:5:"block";s:10:"optiontime";i:1490246623;}
a:8:{s:2:"ip";s:0:"";s:5:"param";s:21:"s=admin&c=block&a=add";s:6:"userid";i:1;s:6:"action";s:3:"add";s:7:"options";s:33:"自定义资料 - 添加 - 提交";s:8:"username";s:5:"admin";s:10:"controller";s:5:"block";s:10:"optiontime";i:1490246608;}
a:8:{s:2:"ip";s:0:"";s:5:"param";s:21:"s=admin&c=block&a=add";s:6:"userid";i:1;s:6:"action";s:3:"add";s:7:"options";s:33:"自定义资料 - 添加 - 提交";s:8:"username";s:5:"admin";s:10:"controller";s:5:"block";s:10:"optiontime";i:1490246595;}
a:8:{s:2:"ip";s:0:"";s:5:"param";s:21:"s=admin&c=block&a=add";s:6:"userid";i:1;s:6:"action";s:3:"add";s:7:"options";s:33:"自定义资料 - 添加 - 提交";s:8:"username";s:5:"admin";s:10:"controller";s:5:"block";s:10:"optiontime";i:1490246522;}
a:8:{s:2:"ip";s:0:"";s:5:"param";s:21:"s=admin&c=block&a=add";s:6:"userid";i:1;s:6:"action";s:3:"add";s:7:"options";s:33:"自定义资料 - 添加 - 提交";s:8:"username";s:5:"admin";s:10:"controller";s:5:"block";s:10:"optiontime";i:1490246508;}
a:8:{s:2:"ip";s:0:"";s:5:"param";s:21:"s=admin&c=block&a=add";s:6:"userid";i:1;s:6:"action";s:3:"add";s:7:"options";s:33:"自定义资料 - 添加 - 提交";s:8:"username";s:5:"admin";s:10:"controller";s:5:"block";s:10:"optiontime";i:1490246493;}
a:8:{s:2:"ip";s:0:"";s:5:"param";s:21:"s=admin&c=block&a=add";s:6:"userid";i:1;s:6:"action";s:3:"add";s:7:"options";s:33:"自定义资料 - 添加 - 提交";s:8:"username";s:5:"admin";s:10:"controller";s:5:"block";s:10:"optiontime";i:1490246304;}
a:8:{s:2:"ip";s:0:"";s:5:"param";s:21:"s=admin&c=block&a=add";s:6:"userid";i:1;s:6:"action";s:3:"add";s:7:"options";s:33:"自定义资料 - 添加 - 提交";s:8:"username";s:5:"admin";s:10:"controller";s:5:"block";s:10:"optiontime";i:1490246290;}
a:8:{s:2:"ip";s:0:"";s:5:"param";s:21:"s=admin&c=block&a=add";s:6:"userid";i:1;s:6:"action";s:3:"add";s:7:"options";s:33:"自定义资料 - 添加 - 提交";s:8:"username";s:5:"admin";s:10:"controller";s:5:"block";s:10:"optiontime";i:1490246271;}
a:8:{s:2:"ip";s:0:"";s:5:"param";s:21:"s=admin&c=block&a=add";s:6:"userid";i:1;s:6:"action";s:3:"add";s:7:"options";s:33:"自定义资料 - 添加 - 提交";s:8:"username";s:5:"admin";s:10:"controller";s:5:"block";s:10:"optiontime";i:1490246251;}
a:8:{s:2:"ip";s:0:"";s:5:"param";s:21:"s=admin&c=block&a=add";s:6:"userid";i:1;s:6:"action";s:3:"add";s:7:"options";s:33:"自定义资料 - 添加 - 提交";s:8:"username";s:5:"admin";s:10:"controller";s:5:"block";s:10:"optiontime";i:1490246236;}
a:8:{s:2:"ip";s:0:"";s:5:"param";s:21:"s=admin&c=block&a=add";s:6:"userid";i:1;s:6:"action";s:3:"add";s:7:"options";s:33:"自定义资料 - 添加 - 提交";s:8:"username";s:5:"admin";s:10:"controller";s:5:"block";s:10:"optiontime";i:1490246220;}
a:8:{s:2:"ip";s:0:"";s:5:"param";s:21:"s=admin&c=block&a=add";s:6:"userid";i:1;s:6:"action";s:3:"add";s:7:"options";s:33:"自定义资料 - 添加 - 提交";s:8:"username";s:5:"admin";s:10:"controller";s:5:"block";s:10:"optiontime";i:1490245824;}
a:8:{s:2:"ip";s:0:"";s:5:"param";s:21:"s=admin&c=block&a=add";s:6:"userid";i:1;s:6:"action";s:3:"add";s:7:"options";s:33:"自定义资料 - 添加 - 提交";s:8:"username";s:5:"admin";s:10:"controller";s:5:"block";s:10:"optiontime";i:1490245506;}
a:8:{s:2:"ip";s:0:"";s:5:"param";s:21:"s=admin&c=block&a=add";s:6:"userid";i:1;s:6:"action";s:3:"add";s:7:"options";s:33:"自定义资料 - 添加 - 提交";s:8:"username";s:5:"admin";s:10:"controller";s:5:"block";s:10:"optiontime";i:1490245490;}
a:8:{s:2:"ip";s:0:"";s:5:"param";s:21:"s=admin&c=block&a=add";s:6:"userid";i:1;s:6:"action";s:3:"add";s:7:"options";s:33:"自定义资料 - 添加 - 提交";s:8:"username";s:5:"admin";s:10:"controller";s:5:"block";s:10:"optiontime";i:1490245465;}
a:8:{s:2:"ip";s:0:"";s:5:"param";s:21:"s=admin&c=block&a=add";s:6:"userid";i:1;s:6:"action";s:3:"add";s:7:"options";s:33:"自定义资料 - 添加 - 提交";s:8:"username";s:5:"admin";s:10:"controller";s:5:"block";s:10:"optiontime";i:1490245447;}
a:8:{s:2:"ip";s:0:"";s:5:"param";s:21:"s=admin&c=block&a=add";s:6:"userid";i:1;s:6:"action";s:3:"add";s:7:"options";s:33:"自定义资料 - 添加 - 提交";s:8:"username";s:5:"admin";s:10:"controller";s:5:"block";s:10:"optiontime";i:1490245410;}
a:8:{s:2:"ip";s:0:"";s:5:"param";s:21:"s=admin&c=block&a=add";s:6:"userid";i:1;s:6:"action";s:3:"add";s:7:"options";s:33:"自定义资料 - 添加 - 提交";s:8:"username";s:5:"admin";s:10:"controller";s:5:"block";s:10:"optiontime";i:1490245397;}
a:8:{s:2:"ip";s:0:"";s:5:"param";s:34:"s=admin&c=category&a=edit&catid=36";s:6:"userid";i:1;s:6:"action";s:4:"edit";s:7:"options";s:30:"栏目管理 - 修改 - 提交";s:8:"username";s:5:"admin";s:10:"controller";s:8:"category";s:10:"optiontime";i:1490245177;}
a:8:{s:2:"ip";s:0:"";s:5:"param";s:34:"s=admin&c=category&a=edit&catid=35";s:6:"userid";i:1;s:6:"action";s:4:"edit";s:7:"options";s:30:"栏目管理 - 修改 - 提交";s:8:"username";s:5:"admin";s:10:"controller";s:8:"category";s:10:"optiontime";i:1490245155;}
a:8:{s:2:"ip";s:0:"";s:5:"param";s:34:"s=admin&c=category&a=edit&catid=34";s:6:"userid";i:1;s:6:"action";s:4:"edit";s:7:"options";s:30:"栏目管理 - 修改 - 提交";s:8:"username";s:5:"admin";s:10:"controller";s:8:"category";s:10:"optiontime";i:1490245119;}
a:8:{s:2:"ip";s:0:"";s:5:"param";s:24:"s=admin&c=category&a=add";s:6:"userid";i:1;s:6:"action";s:3:"add";s:7:"options";s:30:"栏目管理 - 添加 - 提交";s:8:"username";s:5:"admin";s:10:"controller";s:8:"category";s:10:"optiontime";i:1490244961;}
a:8:{s:2:"ip";s:0:"";s:5:"param";s:24:"s=admin&c=category&a=add";s:6:"userid";i:1;s:6:"action";s:3:"add";s:7:"options";s:30:"栏目管理 - 添加 - 提交";s:8:"username";s:5:"admin";s:10:"controller";s:8:"category";s:10:"optiontime";i:1490244927;}
a:8:{s:2:"ip";s:0:"";s:5:"param";s:24:"s=admin&c=category&a=add";s:6:"userid";i:1;s:6:"action";s:3:"add";s:7:"options";s:30:"栏目管理 - 添加 - 提交";s:8:"username";s:5:"admin";s:10:"controller";s:8:"category";s:10:"optiontime";i:1490244870;}
a:8:{s:2:"ip";s:0:"";s:5:"param";s:24:"s=admin&c=category&a=add";s:6:"userid";i:1;s:6:"action";s:3:"add";s:7:"options";s:30:"栏目管理 - 添加 - 提交";s:8:"username";s:5:"admin";s:10:"controller";s:8:"category";s:10:"optiontime";i:1490244787;}
a:8:{s:2:"ip";s:0:"";s:5:"param";s:24:"s=admin&c=category&a=add";s:6:"userid";i:1;s:6:"action";s:3:"add";s:7:"options";s:30:"栏目管理 - 添加 - 提交";s:8:"username";s:5:"admin";s:10:"controller";s:8:"category";s:10:"optiontime";i:1490244732;}
a:8:{s:2:"ip";s:0:"";s:5:"param";s:26:"s=admin&c=site&a=edit&id=1";s:6:"userid";i:1;s:6:"action";s:4:"edit";s:7:"options";s:30:"网站管理 - 修改 - 提交";s:8:"username";s:5:"admin";s:10:"controller";s:4:"site";s:10:"optiontime";i:1490243539;}
a:8:{s:2:"ip";s:0:"";s:5:"param";s:30:"s=admin&c=content&a=edit&id=19";s:6:"userid";i:1;s:6:"action";s:4:"edit";s:7:"options";s:30:"内容管理 - 修改 - 提交";s:8:"username";s:5:"admin";s:10:"controller";s:7:"content";s:10:"optiontime";i:1490243367;}
a:8:{s:2:"ip";s:0:"";s:5:"param";s:30:"s=admin&c=content&a=edit&id=18";s:6:"userid";i:1;s:6:"action";s:4:"edit";s:7:"options";s:30:"内容管理 - 修改 - 提交";s:8:"username";s:5:"admin";s:10:"controller";s:7:"content";s:10:"optiontime";i:1490243339;}
a:8:{s:2:"ip";s:0:"";s:5:"param";s:42:"s=admin&c=content&a=add&catid=7&modelid=11";s:6:"userid";i:1;s:6:"action";s:3:"add";s:7:"options";s:30:"内容管理 - 添加 - 提交";s:8:"username";s:5:"admin";s:10:"controller";s:7:"content";s:10:"optiontime";i:1490243265;}
a:8:{s:2:"ip";s:0:"";s:5:"param";s:30:"s=admin&c=content&a=edit&id=13";s:6:"userid";i:1;s:6:"action";s:4:"edit";s:7:"options";s:30:"内容管理 - 修改 - 提交";s:8:"username";s:5:"admin";s:10:"controller";s:7:"content";s:10:"optiontime";i:1490243229;}
a:8:{s:2:"ip";s:0:"";s:5:"param";s:30:"s=admin&c=content&a=edit&id=11";s:6:"userid";i:1;s:6:"action";s:4:"edit";s:7:"options";s:30:"内容管理 - 修改 - 提交";s:8:"username";s:5:"admin";s:10:"controller";s:7:"content";s:10:"optiontime";i:1490243149;}
a:8:{s:2:"ip";s:0:"";s:5:"param";s:29:"s=admin&c=content&a=edit&id=1";s:6:"userid";i:1;s:6:"action";s:4:"edit";s:7:"options";s:30:"内容管理 - 修改 - 提交";s:8:"username";s:5:"admin";s:10:"controller";s:7:"content";s:10:"optiontime";i:1490242973;}
a:8:{s:2:"ip";s:0:"";s:5:"param";s:29:"s=admin&c=content&a=edit&id=2";s:6:"userid";i:1;s:6:"action";s:4:"edit";s:7:"options";s:30:"内容管理 - 修改 - 提交";s:8:"username";s:5:"admin";s:10:"controller";s:7:"content";s:10:"optiontime";i:1490242960;}
a:8:{s:2:"ip";s:0:"";s:5:"param";s:47:"s=admin&c=model&a=editfield&typeid=1&fieldid=45";s:6:"userid";i:1;s:6:"action";s:9:"editfield";s:7:"options";s:36:"模型管理 - 修改字段 - 提交";s:8:"username";s:5:"admin";s:10:"controller";s:5:"model";s:10:"optiontime";i:1490242927;}
a:8:{s:2:"ip";s:0:"";s:5:"param";s:29:"s=admin&c=content&a=edit&id=3";s:6:"userid";i:1;s:6:"action";s:4:"edit";s:7:"options";s:30:"内容管理 - 修改 - 提交";s:8:"username";s:5:"admin";s:10:"controller";s:7:"content";s:10:"optiontime";i:1490242873;}
a:8:{s:2:"ip";s:0:"";s:5:"param";s:30:"s=admin&c=content&a=edit&id=22";s:6:"userid";i:1;s:6:"action";s:4:"edit";s:7:"options";s:30:"内容管理 - 修改 - 提交";s:8:"username";s:5:"admin";s:10:"controller";s:7:"content";s:10:"optiontime";i:1490241870;}
a:8:{s:2:"ip";s:0:"";s:5:"param";s:30:"s=admin&c=content&a=edit&id=19";s:6:"userid";i:1;s:6:"action";s:4:"edit";s:7:"options";s:30:"内容管理 - 修改 - 提交";s:8:"username";s:5:"admin";s:10:"controller";s:7:"content";s:10:"optiontime";i:1490241849;}
a:8:{s:2:"ip";s:0:"";s:5:"param";s:30:"s=admin&c=content&a=edit&id=18";s:6:"userid";i:1;s:6:"action";s:4:"edit";s:7:"options";s:30:"内容管理 - 修改 - 提交";s:8:"username";s:5:"admin";s:10:"controller";s:7:"content";s:10:"optiontime";i:1490241809;}
a:8:{s:2:"ip";s:0:"";s:5:"param";s:30:"s=admin&c=content&a=edit&id=17";s:6:"userid";i:1;s:6:"action";s:4:"edit";s:7:"options";s:30:"内容管理 - 修改 - 提交";s:8:"username";s:5:"admin";s:10:"controller";s:7:"content";s:10:"optiontime";i:1490241698;}
a:8:{s:2:"ip";s:0:"";s:5:"param";s:30:"s=admin&c=content&a=edit&id=14";s:6:"userid";i:1;s:6:"action";s:4:"edit";s:7:"options";s:30:"内容管理 - 修改 - 提交";s:8:"username";s:5:"admin";s:10:"controller";s:7:"content";s:10:"optiontime";i:1490241581;}
a:8:{s:2:"ip";s:0:"";s:5:"param";s:30:"s=admin&c=content&a=edit&id=16";s:6:"userid";i:1;s:6:"action";s:4:"edit";s:7:"options";s:30:"内容管理 - 修改 - 提交";s:8:"username";s:5:"admin";s:10:"controller";s:7:"content";s:10:"optiontime";i:1490241535;}
a:8:{s:2:"ip";s:0:"";s:5:"param";s:30:"s=admin&c=content&a=edit&id=15";s:6:"userid";i:1;s:6:"action";s:4:"edit";s:7:"options";s:30:"内容管理 - 修改 - 提交";s:8:"username";s:5:"admin";s:10:"controller";s:7:"content";s:10:"optiontime";i:1490241472;}
a:8:{s:2:"ip";s:0:"";s:5:"param";s:30:"s=admin&c=content&a=edit&id=13";s:6:"userid";i:1;s:6:"action";s:4:"edit";s:7:"options";s:30:"内容管理 - 修改 - 提交";s:8:"username";s:5:"admin";s:10:"controller";s:7:"content";s:10:"optiontime";i:1490241434;}
a:8:{s:2:"ip";s:0:"";s:5:"param";s:30:"s=admin&c=content&a=edit&id=11";s:6:"userid";i:1;s:6:"action";s:4:"edit";s:7:"options";s:30:"内容管理 - 修改 - 提交";s:8:"username";s:5:"admin";s:10:"controller";s:7:"content";s:10:"optiontime";i:1490241253;}
a:8:{s:2:"ip";s:0:"";s:5:"param";s:30:"s=admin&c=content&a=edit&id=12";s:6:"userid";i:1;s:6:"action";s:4:"edit";s:7:"options";s:30:"内容管理 - 修改 - 提交";s:8:"username";s:5:"admin";s:10:"controller";s:7:"content";s:10:"optiontime";i:1490241218;}
a:8:{s:2:"ip";s:0:"";s:5:"param";s:29:"s=admin&c=content&a=edit&id=9";s:6:"userid";i:1;s:6:"action";s:4:"edit";s:7:"options";s:30:"内容管理 - 修改 - 提交";s:8:"username";s:5:"admin";s:10:"controller";s:7:"content";s:10:"optiontime";i:1490241189;}
a:8:{s:2:"ip";s:0:"";s:5:"param";s:44:"s=admin&c=model&a=fields&modelid=13&typeid=1";s:6:"userid";i:1;s:6:"action";s:6:"fields";s:7:"options";s:36:"模型管理 - 字段管理 - 提交";s:8:"username";s:5:"admin";s:10:"controller";s:5:"model";s:10:"optiontime";i:1490240899;}
a:8:{s:2:"ip";s:0:"";s:5:"param";s:46:"s=admin&c=model&a=addfield&typeid=1&modelid=13";s:6:"userid";i:1;s:6:"action";s:8:"addfield";s:7:"options";s:36:"模型管理 - 添加字段 - 提交";s:8:"username";s:5:"admin";s:10:"controller";s:5:"model";s:10:"optiontime";i:1490240885;}
a:8:{s:2:"ip";s:0:"";s:5:"param";s:44:"s=admin&c=model&a=fields&modelid=12&typeid=1";s:6:"userid";i:1;s:6:"action";s:6:"fields";s:7:"options";s:36:"模型管理 - 字段管理 - 提交";s:8:"username";s:5:"admin";s:10:"controller";s:5:"model";s:10:"optiontime";i:1490240802;}
a:8:{s:2:"ip";s:0:"";s:5:"param";s:44:"s=admin&c=model&a=fields&typeid=1&modelid=12";s:6:"userid";i:1;s:6:"action";s:6:"fields";s:7:"options";s:36:"模型管理 - 字段管理 - 提交";s:8:"username";s:5:"admin";s:10:"controller";s:5:"model";s:10:"optiontime";i:1490240778;}
a:8:{s:2:"ip";s:0:"";s:5:"param";s:46:"s=admin&c=model&a=addfield&typeid=1&modelid=12";s:6:"userid";i:1;s:6:"action";s:8:"addfield";s:7:"options";s:36:"模型管理 - 添加字段 - 提交";s:8:"username";s:5:"admin";s:10:"controller";s:5:"model";s:10:"optiontime";i:1490240740;}
a:8:{s:2:"ip";s:0:"";s:5:"param";s:44:"s=admin&c=model&a=fields&typeid=1&modelid=11";s:6:"userid";i:1;s:6:"action";s:6:"fields";s:7:"options";s:36:"模型管理 - 字段管理 - 提交";s:8:"username";s:5:"admin";s:10:"controller";s:5:"model";s:10:"optiontime";i:1490240643;}
a:8:{s:2:"ip";s:0:"";s:5:"param";s:46:"s=admin&c=model&a=addfield&typeid=1&modelid=11";s:6:"userid";i:1;s:6:"action";s:8:"addfield";s:7:"options";s:36:"模型管理 - 添加字段 - 提交";s:8:"username";s:5:"admin";s:10:"controller";s:5:"model";s:10:"optiontime";i:1490240625;}
a:8:{s:2:"ip";s:0:"";s:5:"param";s:44:"s=admin&c=model&a=fields&modelid=10&typeid=1";s:6:"userid";i:1;s:6:"action";s:6:"fields";s:7:"options";s:36:"模型管理 - 字段管理 - 提交";s:8:"username";s:5:"admin";s:10:"controller";s:5:"model";s:10:"optiontime";i:1490240528;}
a:8:{s:2:"ip";s:0:"";s:5:"param";s:46:"s=admin&c=model&a=addfield&typeid=1&modelid=10";s:6:"userid";i:1;s:6:"action";s:8:"addfield";s:7:"options";s:36:"模型管理 - 添加字段 - 提交";s:8:"username";s:5:"admin";s:10:"controller";s:5:"model";s:10:"optiontime";i:1490240515;}
a:8:{s:2:"ip";s:0:"";s:5:"param";s:43:"s=admin&c=model&a=fields&typeid=1&modelid=1";s:6:"userid";i:1;s:6:"action";s:6:"fields";s:7:"options";s:36:"模型管理 - 字段管理 - 提交";s:8:"username";s:5:"admin";s:10:"controller";s:5:"model";s:10:"optiontime";i:1490240377;}
a:8:{s:2:"ip";s:0:"";s:5:"param";s:45:"s=admin&c=model&a=addfield&typeid=1&modelid=1";s:6:"userid";i:1;s:6:"action";s:8:"addfield";s:7:"options";s:36:"模型管理 - 添加字段 - 提交";s:8:"username";s:5:"admin";s:10:"controller";s:5:"model";s:10:"optiontime";i:1490240335;}
a:8:{s:2:"ip";s:0:"";s:5:"param";s:34:"s=admin&c=category&a=edit&catid=12";s:6:"userid";i:1;s:6:"action";s:4:"edit";s:7:"options";s:30:"栏目管理 - 修改 - 提交";s:8:"username";s:5:"admin";s:10:"controller";s:8:"category";s:10:"optiontime";i:1490239956;}
