a:8:{s:2:"ip";s:0:"";s:5:"param";s:42:"s=admin&c=content&a=add&catid=26&modelid=9";s:6:"userid";i:1;s:6:"action";s:3:"add";s:7:"options";s:30:"内容管理 - 添加 - 提交";s:8:"username";s:5:"admin";s:10:"controller";s:7:"content";s:10:"optiontime";i:1488210935;}
a:8:{s:2:"ip";s:0:"";s:5:"param";s:24:"s=admin&c=category&a=add";s:6:"userid";i:1;s:6:"action";s:3:"add";s:7:"options";s:30:"栏目管理 - 添加 - 提交";s:8:"username";s:5:"admin";s:10:"controller";s:8:"category";s:10:"optiontime";i:1488210881;}
a:8:{s:2:"ip";s:0:"";s:5:"param";s:31:"s=admin&c=linkage&a=addson&id=5";s:6:"userid";i:1;s:6:"action";s:6:"addson";s:7:"options";s:36:"联动菜单管理 - 添加 - 提交";s:8:"username";s:5:"admin";s:10:"controller";s:7:"linkage";s:10:"optiontime";i:1488205587;}
a:8:{s:2:"ip";s:0:"";s:5:"param";s:24:"s=admin&c=category&a=add";s:6:"userid";i:1;s:6:"action";s:3:"add";s:7:"options";s:30:"栏目管理 - 添加 - 提交";s:8:"username";s:5:"admin";s:10:"controller";s:8:"category";s:10:"optiontime";i:1488203838;}
a:8:{s:2:"ip";s:0:"";s:5:"param";s:24:"s=admin&c=category&a=add";s:6:"userid";i:1;s:6:"action";s:3:"add";s:7:"options";s:30:"栏目管理 - 添加 - 提交";s:8:"username";s:5:"admin";s:10:"controller";s:8:"category";s:10:"optiontime";i:1488199125;}
a:8:{s:2:"ip";s:0:"";s:5:"param";s:46:"s=admin&c=model&a=addfield&typeid=1&modelid=13";s:6:"userid";i:1;s:6:"action";s:8:"addfield";s:7:"options";s:36:"模型管理 - 添加字段 - 提交";s:8:"username";s:5:"admin";s:10:"controller";s:5:"model";s:10:"optiontime";i:1488198916;}
a:8:{s:2:"ip";s:0:"";s:5:"param";s:46:"s=admin&c=model&a=addfield&typeid=1&modelid=13";s:6:"userid";i:1;s:6:"action";s:8:"addfield";s:7:"options";s:36:"模型管理 - 添加字段 - 提交";s:8:"username";s:5:"admin";s:10:"controller";s:5:"model";s:10:"optiontime";i:1488198875;}
a:8:{s:2:"ip";s:0:"";s:5:"param";s:46:"s=admin&c=model&a=addfield&typeid=1&modelid=13";s:6:"userid";i:1;s:6:"action";s:8:"addfield";s:7:"options";s:36:"模型管理 - 添加字段 - 提交";s:8:"username";s:5:"admin";s:10:"controller";s:5:"model";s:10:"optiontime";i:1488198847;}
a:8:{s:2:"ip";s:0:"";s:5:"param";s:46:"s=admin&c=model&a=addfield&typeid=1&modelid=13";s:6:"userid";i:1;s:6:"action";s:8:"addfield";s:7:"options";s:36:"模型管理 - 添加字段 - 提交";s:8:"username";s:5:"admin";s:10:"controller";s:5:"model";s:10:"optiontime";i:1488198781;}
a:8:{s:2:"ip";s:0:"";s:5:"param";s:47:"s=admin&c=model&a=editfield&typeid=1&fieldid=57";s:6:"userid";i:1;s:6:"action";s:9:"editfield";s:7:"options";s:36:"模型管理 - 修改字段 - 提交";s:8:"username";s:5:"admin";s:10:"controller";s:5:"model";s:10:"optiontime";i:1488198498;}
a:8:{s:2:"ip";s:0:"";s:5:"param";s:42:"s=admin&c=model&a=edit&typeid=1&modelid=13";s:6:"userid";i:1;s:6:"action";s:4:"edit";s:7:"options";s:30:"模型管理 - 修改 - 提交";s:8:"username";s:5:"admin";s:10:"controller";s:5:"model";s:10:"optiontime";i:1488198482;}
a:8:{s:2:"ip";s:0:"";s:5:"param";s:30:"s=admin&c=model&a=add&typeid=1";s:6:"userid";i:1;s:6:"action";s:3:"add";s:7:"options";s:30:"模型管理 - 添加 - 提交";s:8:"username";s:5:"admin";s:10:"controller";s:5:"model";s:10:"optiontime";i:1488198457;}
a:8:{s:2:"ip";s:0:"";s:5:"param";s:31:"s=admin&c=linkage&a=addson&id=4";s:6:"userid";i:1;s:6:"action";s:6:"addson";s:7:"options";s:36:"联动菜单管理 - 添加 - 提交";s:8:"username";s:5:"admin";s:10:"controller";s:7:"linkage";s:10:"optiontime";i:1488198369;}
a:8:{s:2:"ip";s:0:"";s:5:"param";s:34:"s=admin&c=linkage&a=addson&keyid=2";s:6:"userid";i:1;s:6:"action";s:6:"addson";s:7:"options";s:36:"联动菜单管理 - 添加 - 提交";s:8:"username";s:5:"admin";s:10:"controller";s:7:"linkage";s:10:"optiontime";i:1488198321;}
a:8:{s:2:"ip";s:0:"";s:5:"param";s:23:"s=admin&c=linkage&a=add";s:6:"userid";i:1;s:6:"action";s:3:"add";s:7:"options";s:36:"联动菜单管理 - 添加 - 提交";s:8:"username";s:5:"admin";s:10:"controller";s:7:"linkage";s:10:"optiontime";i:1488198277;}
a:8:{s:2:"ip";s:0:"";s:5:"param";s:30:"s=admin&c=content&a=edit&id=19";s:6:"userid";i:1;s:6:"action";s:4:"edit";s:7:"options";s:30:"内容管理 - 修改 - 提交";s:8:"username";s:5:"admin";s:10:"controller";s:7:"content";s:10:"optiontime";i:1488196926;}
a:8:{s:2:"ip";s:0:"";s:5:"param";s:43:"s=admin&c=content&a=add&catid=19&modelid=12";s:6:"userid";i:1;s:6:"action";s:3:"add";s:7:"options";s:30:"内容管理 - 添加 - 提交";s:8:"username";s:5:"admin";s:10:"controller";s:7:"content";s:10:"optiontime";i:1488196893;}
a:8:{s:2:"ip";s:0:"";s:5:"param";s:34:"s=admin&c=category&a=edit&catid=19";s:6:"userid";i:1;s:6:"action";s:4:"edit";s:7:"options";s:30:"栏目管理 - 修改 - 提交";s:8:"username";s:5:"admin";s:10:"controller";s:8:"category";s:10:"optiontime";i:1488196621;}
a:8:{s:2:"ip";s:0:"";s:5:"param";s:34:"s=admin&c=category&a=edit&catid=23";s:6:"userid";i:1;s:6:"action";s:4:"edit";s:7:"options";s:30:"栏目管理 - 修改 - 提交";s:8:"username";s:5:"admin";s:10:"controller";s:8:"category";s:10:"optiontime";i:1488196538;}
a:8:{s:2:"ip";s:0:"";s:5:"param";s:34:"s=admin&c=category&a=edit&catid=22";s:6:"userid";i:1;s:6:"action";s:4:"edit";s:7:"options";s:30:"栏目管理 - 修改 - 提交";s:8:"username";s:5:"admin";s:10:"controller";s:8:"category";s:10:"optiontime";i:1488196528;}
a:8:{s:2:"ip";s:0:"";s:5:"param";s:34:"s=admin&c=category&a=edit&catid=21";s:6:"userid";i:1;s:6:"action";s:4:"edit";s:7:"options";s:30:"栏目管理 - 修改 - 提交";s:8:"username";s:5:"admin";s:10:"controller";s:8:"category";s:10:"optiontime";i:1488196512;}
a:8:{s:2:"ip";s:0:"";s:5:"param";s:34:"s=admin&c=category&a=edit&catid=20";s:6:"userid";i:1;s:6:"action";s:4:"edit";s:7:"options";s:30:"栏目管理 - 修改 - 提交";s:8:"username";s:5:"admin";s:10:"controller";s:8:"category";s:10:"optiontime";i:1488196499;}
a:8:{s:2:"ip";s:0:"";s:5:"param";s:34:"s=admin&c=category&a=edit&catid=19";s:6:"userid";i:1;s:6:"action";s:4:"edit";s:7:"options";s:30:"栏目管理 - 修改 - 提交";s:8:"username";s:5:"admin";s:10:"controller";s:8:"category";s:10:"optiontime";i:1488196487;}
a:8:{s:2:"ip";s:0:"";s:5:"param";s:33:"s=admin&c=category&a=add&catid=18";s:6:"userid";i:1;s:6:"action";s:3:"add";s:7:"options";s:30:"栏目管理 - 添加 - 提交";s:8:"username";s:5:"admin";s:10:"controller";s:8:"category";s:10:"optiontime";i:1488196396;}
a:8:{s:2:"ip";s:0:"";s:5:"param";s:33:"s=admin&c=category&a=add&catid=18";s:6:"userid";i:1;s:6:"action";s:3:"add";s:7:"options";s:30:"栏目管理 - 添加 - 提交";s:8:"username";s:5:"admin";s:10:"controller";s:8:"category";s:10:"optiontime";i:1488196345;}
a:8:{s:2:"ip";s:0:"";s:5:"param";s:33:"s=admin&c=category&a=add&catid=18";s:6:"userid";i:1;s:6:"action";s:3:"add";s:7:"options";s:30:"栏目管理 - 添加 - 提交";s:8:"username";s:5:"admin";s:10:"controller";s:8:"category";s:10:"optiontime";i:1488196289;}
a:8:{s:2:"ip";s:0:"";s:5:"param";s:33:"s=admin&c=category&a=add&catid=18";s:6:"userid";i:1;s:6:"action";s:3:"add";s:7:"options";s:30:"栏目管理 - 添加 - 提交";s:8:"username";s:5:"admin";s:10:"controller";s:8:"category";s:10:"optiontime";i:1488196271;}
a:8:{s:2:"ip";s:0:"";s:5:"param";s:33:"s=admin&c=category&a=add&catid=18";s:6:"userid";i:1;s:6:"action";s:3:"add";s:7:"options";s:30:"栏目管理 - 添加 - 提交";s:8:"username";s:5:"admin";s:10:"controller";s:8:"category";s:10:"optiontime";i:1488196271;}
a:8:{s:2:"ip";s:0:"";s:5:"param";s:33:"s=admin&c=category&a=add&catid=18";s:6:"userid";i:1;s:6:"action";s:3:"add";s:7:"options";s:30:"栏目管理 - 添加 - 提交";s:8:"username";s:5:"admin";s:10:"controller";s:8:"category";s:10:"optiontime";i:1488196219;}
a:8:{s:2:"ip";s:0:"";s:5:"param";s:33:"s=admin&c=category&a=add&catid=18";s:6:"userid";i:1;s:6:"action";s:3:"add";s:7:"options";s:30:"栏目管理 - 添加 - 提交";s:8:"username";s:5:"admin";s:10:"controller";s:8:"category";s:10:"optiontime";i:1488196133;}
a:8:{s:2:"ip";s:0:"";s:5:"param";s:24:"s=admin&c=category&a=add";s:6:"userid";i:1;s:6:"action";s:3:"add";s:7:"options";s:30:"栏目管理 - 添加 - 提交";s:8:"username";s:5:"admin";s:10:"controller";s:8:"category";s:10:"optiontime";i:1488196013;}
a:8:{s:2:"ip";s:0:"";s:5:"param";s:43:"s=admin&c=content&a=add&catid=14&modelid=12";s:6:"userid";i:1;s:6:"action";s:3:"add";s:7:"options";s:30:"内容管理 - 添加 - 提交";s:8:"username";s:5:"admin";s:10:"controller";s:7:"content";s:10:"optiontime";i:1488195776;}
a:8:{s:2:"ip";s:0:"";s:5:"param";s:34:"s=admin&c=category&a=edit&catid=14";s:6:"userid";i:1;s:6:"action";s:4:"edit";s:7:"options";s:30:"栏目管理 - 修改 - 提交";s:8:"username";s:5:"admin";s:10:"controller";s:8:"category";s:10:"optiontime";i:1488192246;}
a:8:{s:2:"ip";s:0:"";s:5:"param";s:34:"s=admin&c=category&a=edit&catid=17";s:6:"userid";i:1;s:6:"action";s:4:"edit";s:7:"options";s:30:"栏目管理 - 修改 - 提交";s:8:"username";s:5:"admin";s:10:"controller";s:8:"category";s:10:"optiontime";i:1488191136;}
a:8:{s:2:"ip";s:0:"";s:5:"param";s:34:"s=admin&c=category&a=edit&catid=16";s:6:"userid";i:1;s:6:"action";s:4:"edit";s:7:"options";s:30:"栏目管理 - 修改 - 提交";s:8:"username";s:5:"admin";s:10:"controller";s:8:"category";s:10:"optiontime";i:1488191129;}
a:8:{s:2:"ip";s:0:"";s:5:"param";s:34:"s=admin&c=category&a=edit&catid=15";s:6:"userid";i:1;s:6:"action";s:4:"edit";s:7:"options";s:30:"栏目管理 - 修改 - 提交";s:8:"username";s:5:"admin";s:10:"controller";s:8:"category";s:10:"optiontime";i:1488191120;}
a:8:{s:2:"ip";s:0:"";s:5:"param";s:34:"s=admin&c=category&a=edit&catid=14";s:6:"userid";i:1;s:6:"action";s:4:"edit";s:7:"options";s:30:"栏目管理 - 修改 - 提交";s:8:"username";s:5:"admin";s:10:"controller";s:8:"category";s:10:"optiontime";i:1488191111;}
a:8:{s:2:"ip";s:0:"";s:5:"param";s:33:"s=admin&c=category&a=add&catid=13";s:6:"userid";i:1;s:6:"action";s:3:"add";s:7:"options";s:30:"栏目管理 - 添加 - 提交";s:8:"username";s:5:"admin";s:10:"controller";s:8:"category";s:10:"optiontime";i:1488190935;}
a:8:{s:2:"ip";s:0:"";s:5:"param";s:24:"s=admin&c=category&a=add";s:6:"userid";i:1;s:6:"action";s:3:"add";s:7:"options";s:30:"栏目管理 - 添加 - 提交";s:8:"username";s:5:"admin";s:10:"controller";s:8:"category";s:10:"optiontime";i:1488190879;}
a:8:{s:2:"ip";s:0:"";s:5:"param";s:33:"s=admin&c=category&a=add&catid=13";s:6:"userid";i:1;s:6:"action";s:3:"add";s:7:"options";s:30:"栏目管理 - 添加 - 提交";s:8:"username";s:5:"admin";s:10:"controller";s:8:"category";s:10:"optiontime";i:1488190815;}
a:8:{s:2:"ip";s:0:"";s:5:"param";s:34:"s=admin&c=category&a=edit&catid=12";s:6:"userid";i:1;s:6:"action";s:4:"edit";s:7:"options";s:30:"栏目管理 - 修改 - 提交";s:8:"username";s:5:"admin";s:10:"controller";s:8:"category";s:10:"optiontime";i:1488190206;}
a:8:{s:2:"ip";s:0:"";s:5:"param";s:34:"s=admin&c=category&a=edit&catid=13";s:6:"userid";i:1;s:6:"action";s:4:"edit";s:7:"options";s:30:"栏目管理 - 修改 - 提交";s:8:"username";s:5:"admin";s:10:"controller";s:8:"category";s:10:"optiontime";i:1488190116;}
a:8:{s:2:"ip";s:0:"";s:5:"param";s:24:"s=admin&c=category&a=add";s:6:"userid";i:1;s:6:"action";s:3:"add";s:7:"options";s:30:"栏目管理 - 添加 - 提交";s:8:"username";s:5:"admin";s:10:"controller";s:8:"category";s:10:"optiontime";i:1488190074;}
a:8:{s:2:"ip";s:0:"";s:5:"param";s:42:"s=admin&c=model&a=edit&typeid=1&modelid=12";s:6:"userid";i:1;s:6:"action";s:4:"edit";s:7:"options";s:30:"模型管理 - 修改 - 提交";s:8:"username";s:5:"admin";s:10:"controller";s:5:"model";s:10:"optiontime";i:1488189823;}
a:8:{s:2:"ip";s:0:"";s:5:"param";s:46:"s=admin&c=model&a=addfield&typeid=1&modelid=12";s:6:"userid";i:1;s:6:"action";s:8:"addfield";s:7:"options";s:36:"模型管理 - 添加字段 - 提交";s:8:"username";s:5:"admin";s:10:"controller";s:5:"model";s:10:"optiontime";i:1488189761;}
a:8:{s:2:"ip";s:0:"";s:5:"param";s:46:"s=admin&c=model&a=addfield&typeid=1&modelid=12";s:6:"userid";i:1;s:6:"action";s:8:"addfield";s:7:"options";s:36:"模型管理 - 添加字段 - 提交";s:8:"username";s:5:"admin";s:10:"controller";s:5:"model";s:10:"optiontime";i:1488189740;}
a:8:{s:2:"ip";s:0:"";s:5:"param";s:46:"s=admin&c=model&a=addfield&typeid=1&modelid=12";s:6:"userid";i:1;s:6:"action";s:8:"addfield";s:7:"options";s:36:"模型管理 - 添加字段 - 提交";s:8:"username";s:5:"admin";s:10:"controller";s:5:"model";s:10:"optiontime";i:1488189684;}
a:8:{s:2:"ip";s:0:"";s:5:"param";s:46:"s=admin&c=model&a=addfield&typeid=1&modelid=12";s:6:"userid";i:1;s:6:"action";s:8:"addfield";s:7:"options";s:36:"模型管理 - 添加字段 - 提交";s:8:"username";s:5:"admin";s:10:"controller";s:5:"model";s:10:"optiontime";i:1488189660;}
a:8:{s:2:"ip";s:0:"";s:5:"param";s:46:"s=admin&c=model&a=addfield&typeid=1&modelid=12";s:6:"userid";i:1;s:6:"action";s:8:"addfield";s:7:"options";s:36:"模型管理 - 添加字段 - 提交";s:8:"username";s:5:"admin";s:10:"controller";s:5:"model";s:10:"optiontime";i:1488189635;}
a:8:{s:2:"ip";s:0:"";s:5:"param";s:46:"s=admin&c=model&a=addfield&typeid=1&modelid=12";s:6:"userid";i:1;s:6:"action";s:8:"addfield";s:7:"options";s:36:"模型管理 - 添加字段 - 提交";s:8:"username";s:5:"admin";s:10:"controller";s:5:"model";s:10:"optiontime";i:1488189612;}
a:8:{s:2:"ip";s:0:"";s:5:"param";s:47:"s=admin&c=model&a=editfield&typeid=1&fieldid=50";s:6:"userid";i:1;s:6:"action";s:9:"editfield";s:7:"options";s:36:"模型管理 - 修改字段 - 提交";s:8:"username";s:5:"admin";s:10:"controller";s:5:"model";s:10:"optiontime";i:1488189552;}
a:8:{s:2:"ip";s:0:"";s:5:"param";s:30:"s=admin&c=model&a=add&typeid=1";s:6:"userid";i:1;s:6:"action";s:3:"add";s:7:"options";s:30:"模型管理 - 添加 - 提交";s:8:"username";s:5:"admin";s:10:"controller";s:5:"model";s:10:"optiontime";i:1488189508;}
a:8:{s:2:"ip";s:0:"";s:5:"param";s:24:"s=admin&c=category&a=add";s:6:"userid";i:1;s:6:"action";s:3:"add";s:7:"options";s:30:"栏目管理 - 添加 - 提交";s:8:"username";s:5:"admin";s:10:"controller";s:8:"category";s:10:"optiontime";i:1488188481;}
a:8:{s:2:"ip";s:0:"";s:5:"param";s:30:"s=admin&c=content&a=edit&id=15";s:6:"userid";i:1;s:6:"action";s:4:"edit";s:7:"options";s:30:"内容管理 - 修改 - 提交";s:8:"username";s:5:"admin";s:10:"controller";s:7:"content";s:10:"optiontime";i:1488187488;}
a:8:{s:2:"ip";s:0:"";s:5:"param";s:42:"s=admin&c=content&a=add&catid=12&modelid=1";s:6:"userid";i:1;s:6:"action";s:3:"add";s:7:"options";s:30:"内容管理 - 添加 - 提交";s:8:"username";s:5:"admin";s:10:"controller";s:7:"content";s:10:"optiontime";i:1488187444;}
a:8:{s:2:"ip";s:0:"";s:5:"param";s:42:"s=admin&c=content&a=add&catid=12&modelid=1";s:6:"userid";i:1;s:6:"action";s:3:"add";s:7:"options";s:30:"内容管理 - 添加 - 提交";s:8:"username";s:5:"admin";s:10:"controller";s:7:"content";s:10:"optiontime";i:1488187426;}
a:8:{s:2:"ip";s:0:"";s:5:"param";s:30:"s=admin&c=content&a=edit&id=15";s:6:"userid";i:1;s:6:"action";s:4:"edit";s:7:"options";s:30:"内容管理 - 修改 - 提交";s:8:"username";s:5:"admin";s:10:"controller";s:7:"content";s:10:"optiontime";i:1488187386;}
a:8:{s:2:"ip";s:0:"";s:5:"param";s:30:"s=admin&c=content&a=edit&id=14";s:6:"userid";i:1;s:6:"action";s:4:"edit";s:7:"options";s:30:"内容管理 - 修改 - 提交";s:8:"username";s:5:"admin";s:10:"controller";s:7:"content";s:10:"optiontime";i:1488187328;}
a:8:{s:2:"ip";s:0:"";s:5:"param";s:42:"s=admin&c=content&a=add&catid=12&modelid=1";s:6:"userid";i:1;s:6:"action";s:3:"add";s:7:"options";s:30:"内容管理 - 添加 - 提交";s:8:"username";s:5:"admin";s:10:"controller";s:7:"content";s:10:"optiontime";i:1488181531;}
a:8:{s:2:"ip";s:0:"";s:5:"param";s:42:"s=admin&c=content&a=add&catid=12&modelid=1";s:6:"userid";i:1;s:6:"action";s:3:"add";s:7:"options";s:30:"内容管理 - 添加 - 提交";s:8:"username";s:5:"admin";s:10:"controller";s:7:"content";s:10:"optiontime";i:1488180880;}
a:8:{s:2:"ip";s:0:"";s:5:"param";s:18:"s=admin&c=category";s:6:"userid";i:1;s:6:"action";s:5:"index";s:7:"options";s:30:"栏目管理 - 列表 - 提交";s:8:"username";s:5:"admin";s:10:"controller";s:8:"category";s:10:"optiontime";i:1488180358;}
a:8:{s:2:"ip";s:0:"";s:5:"param";s:24:"s=admin&c=category&a=add";s:6:"userid";i:1;s:6:"action";s:3:"add";s:7:"options";s:30:"栏目管理 - 添加 - 提交";s:8:"username";s:5:"admin";s:10:"controller";s:8:"category";s:10:"optiontime";i:1488180300;}
