a:8:{s:2:"ip";s:0:"";s:5:"param";s:28:"s=admin&c=block&a=edit&id=15";s:6:"userid";i:1;s:6:"action";s:4:"edit";s:7:"options";s:33:"自定义资料 - 修改 - 提交";s:8:"username";s:5:"admin";s:10:"controller";s:5:"block";s:10:"optiontime";i:1488273346;}
a:8:{s:2:"ip";s:0:"";s:5:"param";s:28:"s=admin&c=block&a=edit&id=14";s:6:"userid";i:1;s:6:"action";s:4:"edit";s:7:"options";s:33:"自定义资料 - 修改 - 提交";s:8:"username";s:5:"admin";s:10:"controller";s:5:"block";s:10:"optiontime";i:1488273332;}
a:8:{s:2:"ip";s:0:"";s:5:"param";s:28:"s=admin&c=block&a=edit&id=13";s:6:"userid";i:1;s:6:"action";s:4:"edit";s:7:"options";s:33:"自定义资料 - 修改 - 提交";s:8:"username";s:5:"admin";s:10:"controller";s:5:"block";s:10:"optiontime";i:1488273229;}
a:8:{s:2:"ip";s:0:"";s:5:"param";s:28:"s=admin&c=block&a=edit&id=12";s:6:"userid";i:1;s:6:"action";s:4:"edit";s:7:"options";s:33:"自定义资料 - 修改 - 提交";s:8:"username";s:5:"admin";s:10:"controller";s:5:"block";s:10:"optiontime";i:1488273212;}
a:8:{s:2:"ip";s:0:"";s:5:"param";s:28:"s=admin&c=block&a=edit&id=11";s:6:"userid";i:1;s:6:"action";s:4:"edit";s:7:"options";s:33:"自定义资料 - 修改 - 提交";s:8:"username";s:5:"admin";s:10:"controller";s:5:"block";s:10:"optiontime";i:1488273021;}
a:8:{s:2:"ip";s:0:"";s:5:"param";s:21:"s=admin&c=block&a=add";s:6:"userid";i:1;s:6:"action";s:3:"add";s:7:"options";s:33:"自定义资料 - 添加 - 提交";s:8:"username";s:5:"admin";s:10:"controller";s:5:"block";s:10:"optiontime";i:1488272887;}
a:8:{s:2:"ip";s:0:"";s:5:"param";s:21:"s=admin&c=block&a=add";s:6:"userid";i:1;s:6:"action";s:3:"add";s:7:"options";s:33:"自定义资料 - 添加 - 提交";s:8:"username";s:5:"admin";s:10:"controller";s:5:"block";s:10:"optiontime";i:1488272606;}
a:8:{s:2:"ip";s:0:"";s:5:"param";s:42:"s=admin&c=content&a=add&catid=31&modelid=9";s:6:"userid";i:1;s:6:"action";s:3:"add";s:7:"options";s:30:"内容管理 - 添加 - 提交";s:8:"username";s:5:"admin";s:10:"controller";s:7:"content";s:10:"optiontime";i:1488269423;}
a:8:{s:2:"ip";s:0:"";s:5:"param";s:42:"s=admin&c=content&a=add&catid=31&modelid=9";s:6:"userid";i:1;s:6:"action";s:3:"add";s:7:"options";s:30:"内容管理 - 添加 - 提交";s:8:"username";s:5:"admin";s:10:"controller";s:7:"content";s:10:"optiontime";i:1488269410;}
a:8:{s:2:"ip";s:0:"";s:5:"param";s:42:"s=admin&c=content&a=add&catid=31&modelid=9";s:6:"userid";i:1;s:6:"action";s:3:"add";s:7:"options";s:30:"内容管理 - 添加 - 提交";s:8:"username";s:5:"admin";s:10:"controller";s:7:"content";s:10:"optiontime";i:1488269397;}
a:8:{s:2:"ip";s:0:"";s:5:"param";s:24:"s=admin&c=category&a=add";s:6:"userid";i:1;s:6:"action";s:3:"add";s:7:"options";s:30:"栏目管理 - 添加 - 提交";s:8:"username";s:5:"admin";s:10:"controller";s:8:"category";s:10:"optiontime";i:1488269332;}
a:8:{s:2:"ip";s:0:"";s:5:"param";s:21:"s=admin&c=block&a=add";s:6:"userid";i:1;s:6:"action";s:3:"add";s:7:"options";s:33:"自定义资料 - 添加 - 提交";s:8:"username";s:5:"admin";s:10:"controller";s:5:"block";s:10:"optiontime";i:1488269245;}
a:8:{s:2:"ip";s:0:"";s:5:"param";s:21:"s=admin&c=block&a=add";s:6:"userid";i:1;s:6:"action";s:3:"add";s:7:"options";s:33:"自定义资料 - 添加 - 提交";s:8:"username";s:5:"admin";s:10:"controller";s:5:"block";s:10:"optiontime";i:1488269226;}
a:8:{s:2:"ip";s:0:"";s:5:"param";s:21:"s=admin&c=block&a=add";s:6:"userid";i:1;s:6:"action";s:3:"add";s:7:"options";s:33:"自定义资料 - 添加 - 提交";s:8:"username";s:5:"admin";s:10:"controller";s:5:"block";s:10:"optiontime";i:1488269205;}
a:8:{s:2:"ip";s:0:"";s:5:"param";s:21:"s=admin&c=block&a=add";s:6:"userid";i:1;s:6:"action";s:3:"add";s:7:"options";s:33:"自定义资料 - 添加 - 提交";s:8:"username";s:5:"admin";s:10:"controller";s:5:"block";s:10:"optiontime";i:1488269186;}
a:8:{s:2:"ip";s:0:"";s:5:"param";s:28:"s=admin&c=block&a=edit&id=29";s:6:"userid";i:1;s:6:"action";s:4:"edit";s:7:"options";s:33:"自定义资料 - 修改 - 提交";s:8:"username";s:5:"admin";s:10:"controller";s:5:"block";s:10:"optiontime";i:1488269112;}
a:8:{s:2:"ip";s:0:"";s:5:"param";s:28:"s=admin&c=block&a=edit&id=30";s:6:"userid";i:1;s:6:"action";s:4:"edit";s:7:"options";s:33:"自定义资料 - 修改 - 提交";s:8:"username";s:5:"admin";s:10:"controller";s:5:"block";s:10:"optiontime";i:1488269078;}
a:8:{s:2:"ip";s:0:"";s:5:"param";s:21:"s=admin&c=block&a=add";s:6:"userid";i:1;s:6:"action";s:3:"add";s:7:"options";s:33:"自定义资料 - 添加 - 提交";s:8:"username";s:5:"admin";s:10:"controller";s:5:"block";s:10:"optiontime";i:1488269052;}
a:8:{s:2:"ip";s:0:"";s:5:"param";s:21:"s=admin&c=block&a=add";s:6:"userid";i:1;s:6:"action";s:3:"add";s:7:"options";s:33:"自定义资料 - 添加 - 提交";s:8:"username";s:5:"admin";s:10:"controller";s:5:"block";s:10:"optiontime";i:1488269022;}
a:8:{s:2:"ip";s:0:"";s:5:"param";s:21:"s=admin&c=block&a=add";s:6:"userid";i:1;s:6:"action";s:3:"add";s:7:"options";s:33:"自定义资料 - 添加 - 提交";s:8:"username";s:5:"admin";s:10:"controller";s:5:"block";s:10:"optiontime";i:1488269004;}
a:8:{s:2:"ip";s:0:"";s:5:"param";s:28:"s=admin&c=block&a=edit&id=23";s:6:"userid";i:1;s:6:"action";s:4:"edit";s:7:"options";s:33:"自定义资料 - 修改 - 提交";s:8:"username";s:5:"admin";s:10:"controller";s:5:"block";s:10:"optiontime";i:1488268940;}
a:8:{s:2:"ip";s:0:"";s:5:"param";s:28:"s=admin&c=block&a=edit&id=21";s:6:"userid";i:1;s:6:"action";s:4:"edit";s:7:"options";s:33:"自定义资料 - 修改 - 提交";s:8:"username";s:5:"admin";s:10:"controller";s:5:"block";s:10:"optiontime";i:1488268930;}
a:8:{s:2:"ip";s:0:"";s:5:"param";s:21:"s=admin&c=block&a=add";s:6:"userid";i:1;s:6:"action";s:3:"add";s:7:"options";s:33:"自定义资料 - 添加 - 提交";s:8:"username";s:5:"admin";s:10:"controller";s:5:"block";s:10:"optiontime";i:1488268792;}
a:8:{s:2:"ip";s:0:"";s:5:"param";s:21:"s=admin&c=block&a=add";s:6:"userid";i:1;s:6:"action";s:3:"add";s:7:"options";s:33:"自定义资料 - 添加 - 提交";s:8:"username";s:5:"admin";s:10:"controller";s:5:"block";s:10:"optiontime";i:1488268762;}
a:8:{s:2:"ip";s:0:"";s:5:"param";s:21:"s=admin&c=block&a=add";s:6:"userid";i:1;s:6:"action";s:3:"add";s:7:"options";s:33:"自定义资料 - 添加 - 提交";s:8:"username";s:5:"admin";s:10:"controller";s:5:"block";s:10:"optiontime";i:1488268738;}
a:8:{s:2:"ip";s:0:"";s:5:"param";s:21:"s=admin&c=block&a=add";s:6:"userid";i:1;s:6:"action";s:3:"add";s:7:"options";s:33:"自定义资料 - 添加 - 提交";s:8:"username";s:5:"admin";s:10:"controller";s:5:"block";s:10:"optiontime";i:1488268718;}
a:8:{s:2:"ip";s:0:"";s:5:"param";s:21:"s=admin&c=block&a=add";s:6:"userid";i:1;s:6:"action";s:3:"add";s:7:"options";s:33:"自定义资料 - 添加 - 提交";s:8:"username";s:5:"admin";s:10:"controller";s:5:"block";s:10:"optiontime";i:1488268697;}
a:8:{s:2:"ip";s:0:"";s:5:"param";s:21:"s=admin&c=block&a=add";s:6:"userid";i:1;s:6:"action";s:3:"add";s:7:"options";s:33:"自定义资料 - 添加 - 提交";s:8:"username";s:5:"admin";s:10:"controller";s:5:"block";s:10:"optiontime";i:1488268616;}
a:8:{s:2:"ip";s:0:"";s:5:"param";s:21:"s=admin&c=block&a=add";s:6:"userid";i:1;s:6:"action";s:3:"add";s:7:"options";s:33:"自定义资料 - 添加 - 提交";s:8:"username";s:5:"admin";s:10:"controller";s:5:"block";s:10:"optiontime";i:1488268601;}
a:8:{s:2:"ip";s:0:"";s:5:"param";s:21:"s=admin&c=block&a=add";s:6:"userid";i:1;s:6:"action";s:3:"add";s:7:"options";s:33:"自定义资料 - 添加 - 提交";s:8:"username";s:5:"admin";s:10:"controller";s:5:"block";s:10:"optiontime";i:1488268544;}
a:8:{s:2:"ip";s:0:"";s:5:"param";s:21:"s=admin&c=block&a=add";s:6:"userid";i:1;s:6:"action";s:3:"add";s:7:"options";s:33:"自定义资料 - 添加 - 提交";s:8:"username";s:5:"admin";s:10:"controller";s:5:"block";s:10:"optiontime";i:1488268528;}
a:8:{s:2:"ip";s:0:"";s:5:"param";s:21:"s=admin&c=block&a=add";s:6:"userid";i:1;s:6:"action";s:3:"add";s:7:"options";s:33:"自定义资料 - 添加 - 提交";s:8:"username";s:5:"admin";s:10:"controller";s:5:"block";s:10:"optiontime";i:1488268363;}
a:8:{s:2:"ip";s:0:"";s:5:"param";s:21:"s=admin&c=block&a=add";s:6:"userid";i:1;s:6:"action";s:3:"add";s:7:"options";s:33:"自定义资料 - 添加 - 提交";s:8:"username";s:5:"admin";s:10:"controller";s:5:"block";s:10:"optiontime";i:1488268345;}
a:8:{s:2:"ip";s:0:"";s:5:"param";s:21:"s=admin&c=block&a=add";s:6:"userid";i:1;s:6:"action";s:3:"add";s:7:"options";s:33:"自定义资料 - 添加 - 提交";s:8:"username";s:5:"admin";s:10:"controller";s:5:"block";s:10:"optiontime";i:1488268155;}
a:8:{s:2:"ip";s:0:"";s:5:"param";s:21:"s=admin&c=block&a=add";s:6:"userid";i:1;s:6:"action";s:3:"add";s:7:"options";s:33:"自定义资料 - 添加 - 提交";s:8:"username";s:5:"admin";s:10:"controller";s:5:"block";s:10:"optiontime";i:1488268086;}
a:8:{s:2:"ip";s:0:"";s:5:"param";s:21:"s=admin&c=block&a=add";s:6:"userid";i:1;s:6:"action";s:3:"add";s:7:"options";s:33:"自定义资料 - 添加 - 提交";s:8:"username";s:5:"admin";s:10:"controller";s:5:"block";s:10:"optiontime";i:1488267827;}
a:8:{s:2:"ip";s:0:"";s:5:"param";s:21:"s=admin&c=block&a=add";s:6:"userid";i:1;s:6:"action";s:3:"add";s:7:"options";s:33:"自定义资料 - 添加 - 提交";s:8:"username";s:5:"admin";s:10:"controller";s:5:"block";s:10:"optiontime";i:1488267782;}
a:8:{s:2:"ip";s:0:"";s:5:"param";s:21:"s=admin&c=block&a=add";s:6:"userid";i:1;s:6:"action";s:3:"add";s:7:"options";s:33:"自定义资料 - 添加 - 提交";s:8:"username";s:5:"admin";s:10:"controller";s:5:"block";s:10:"optiontime";i:1488267734;}
a:8:{s:2:"ip";s:0:"";s:5:"param";s:21:"s=admin&c=block&a=add";s:6:"userid";i:1;s:6:"action";s:3:"add";s:7:"options";s:33:"自定义资料 - 添加 - 提交";s:8:"username";s:5:"admin";s:10:"controller";s:5:"block";s:10:"optiontime";i:1488267719;}
a:8:{s:2:"ip";s:0:"";s:5:"param";s:21:"s=admin&c=block&a=add";s:6:"userid";i:1;s:6:"action";s:3:"add";s:7:"options";s:33:"自定义资料 - 添加 - 提交";s:8:"username";s:5:"admin";s:10:"controller";s:5:"block";s:10:"optiontime";i:1488267682;}
a:8:{s:2:"ip";s:0:"";s:5:"param";s:21:"s=admin&c=block&a=add";s:6:"userid";i:1;s:6:"action";s:3:"add";s:7:"options";s:33:"自定义资料 - 添加 - 提交";s:8:"username";s:5:"admin";s:10:"controller";s:5:"block";s:10:"optiontime";i:1488267666;}
a:8:{s:2:"ip";s:0:"";s:5:"param";s:21:"s=admin&c=block&a=add";s:6:"userid";i:1;s:6:"action";s:3:"add";s:7:"options";s:33:"自定义资料 - 添加 - 提交";s:8:"username";s:5:"admin";s:10:"controller";s:5:"block";s:10:"optiontime";i:1488267661;}
a:8:{s:2:"ip";s:0:"";s:5:"param";s:21:"s=admin&c=block&a=add";s:6:"userid";i:1;s:6:"action";s:3:"add";s:7:"options";s:33:"自定义资料 - 添加 - 提交";s:8:"username";s:5:"admin";s:10:"controller";s:5:"block";s:10:"optiontime";i:1488267478;}
a:8:{s:2:"ip";s:0:"";s:5:"param";s:21:"s=admin&c=block&a=add";s:6:"userid";i:1;s:6:"action";s:3:"add";s:7:"options";s:33:"自定义资料 - 添加 - 提交";s:8:"username";s:5:"admin";s:10:"controller";s:5:"block";s:10:"optiontime";i:1488267403;}
a:8:{s:2:"ip";s:0:"";s:5:"param";s:21:"s=admin&c=block&a=add";s:6:"userid";i:1;s:6:"action";s:3:"add";s:7:"options";s:33:"自定义资料 - 添加 - 提交";s:8:"username";s:5:"admin";s:10:"controller";s:5:"block";s:10:"optiontime";i:1488267356;}
a:8:{s:2:"ip";s:0:"";s:5:"param";s:21:"s=admin&c=block&a=add";s:6:"userid";i:1;s:6:"action";s:3:"add";s:7:"options";s:33:"自定义资料 - 添加 - 提交";s:8:"username";s:5:"admin";s:10:"controller";s:5:"block";s:10:"optiontime";i:1488267296;}
a:8:{s:2:"ip";s:0:"";s:5:"param";s:24:"s=admin&c=category&a=add";s:6:"userid";i:1;s:6:"action";s:3:"add";s:7:"options";s:30:"栏目管理 - 添加 - 提交";s:8:"username";s:5:"admin";s:10:"controller";s:8:"category";s:10:"optiontime";i:1488263413;}
a:8:{s:2:"ip";s:0:"";s:5:"param";s:34:"s=admin&c=category&a=edit&catid=17";s:6:"userid";i:1;s:6:"action";s:4:"edit";s:7:"options";s:30:"栏目管理 - 修改 - 提交";s:8:"username";s:5:"admin";s:10:"controller";s:8:"category";s:10:"optiontime";i:1488263164;}
a:8:{s:2:"ip";s:0:"";s:5:"param";s:34:"s=admin&c=category&a=edit&catid=16";s:6:"userid";i:1;s:6:"action";s:4:"edit";s:7:"options";s:30:"栏目管理 - 修改 - 提交";s:8:"username";s:5:"admin";s:10:"controller";s:8:"category";s:10:"optiontime";i:1488263145;}
a:8:{s:2:"ip";s:0:"";s:5:"param";s:34:"s=admin&c=category&a=edit&catid=15";s:6:"userid";i:1;s:6:"action";s:4:"edit";s:7:"options";s:30:"栏目管理 - 修改 - 提交";s:8:"username";s:5:"admin";s:10:"controller";s:8:"category";s:10:"optiontime";i:1488263130;}
a:8:{s:2:"ip";s:0:"";s:5:"param";s:34:"s=admin&c=category&a=edit&catid=14";s:6:"userid";i:1;s:6:"action";s:4:"edit";s:7:"options";s:30:"栏目管理 - 修改 - 提交";s:8:"username";s:5:"admin";s:10:"controller";s:8:"category";s:10:"optiontime";i:1488263109;}
a:8:{s:2:"ip";s:0:"";s:5:"param";s:34:"s=admin&c=category&a=edit&catid=27";s:6:"userid";i:1;s:6:"action";s:4:"edit";s:7:"options";s:30:"栏目管理 - 修改 - 提交";s:8:"username";s:5:"admin";s:10:"controller";s:8:"category";s:10:"optiontime";i:1488251738;}
a:8:{s:2:"ip";s:0:"";s:5:"param";s:21:"s=admin&c=block&a=add";s:6:"userid";i:1;s:6:"action";s:3:"add";s:7:"options";s:33:"自定义资料 - 添加 - 提交";s:8:"username";s:5:"admin";s:10:"controller";s:5:"block";s:10:"optiontime";i:1488251671;}
a:8:{s:2:"ip";s:0:"";s:5:"param";s:21:"s=admin&c=block&a=add";s:6:"userid";i:1;s:6:"action";s:3:"add";s:7:"options";s:33:"自定义资料 - 添加 - 提交";s:8:"username";s:5:"admin";s:10:"controller";s:5:"block";s:10:"optiontime";i:1488251657;}
a:8:{s:2:"ip";s:0:"";s:5:"param";s:21:"s=admin&c=block&a=add";s:6:"userid";i:1;s:6:"action";s:3:"add";s:7:"options";s:33:"自定义资料 - 添加 - 提交";s:8:"username";s:5:"admin";s:10:"controller";s:5:"block";s:10:"optiontime";i:1488251643;}
a:8:{s:2:"ip";s:0:"";s:5:"param";s:21:"s=admin&c=block&a=add";s:6:"userid";i:1;s:6:"action";s:3:"add";s:7:"options";s:33:"自定义资料 - 添加 - 提交";s:8:"username";s:5:"admin";s:10:"controller";s:5:"block";s:10:"optiontime";i:1488251541;}
a:8:{s:2:"ip";s:0:"";s:5:"param";s:21:"s=admin&c=block&a=add";s:6:"userid";i:1;s:6:"action";s:3:"add";s:7:"options";s:33:"自定义资料 - 添加 - 提交";s:8:"username";s:5:"admin";s:10:"controller";s:5:"block";s:10:"optiontime";i:1488251527;}
a:8:{s:2:"ip";s:0:"";s:5:"param";s:21:"s=admin&c=block&a=add";s:6:"userid";i:1;s:6:"action";s:3:"add";s:7:"options";s:33:"自定义资料 - 添加 - 提交";s:8:"username";s:5:"admin";s:10:"controller";s:5:"block";s:10:"optiontime";i:1488251507;}
a:8:{s:2:"ip";s:0:"";s:5:"param";s:24:"s=admin&c=category&a=add";s:6:"userid";i:1;s:6:"action";s:3:"add";s:7:"options";s:30:"栏目管理 - 添加 - 提交";s:8:"username";s:5:"admin";s:10:"controller";s:8:"category";s:10:"optiontime";i:1488251294;}
a:8:{s:2:"ip";s:0:"";s:5:"param";s:34:"s=admin&c=category&a=edit&catid=28";s:6:"userid";i:1;s:6:"action";s:4:"edit";s:7:"options";s:30:"栏目管理 - 修改 - 提交";s:8:"username";s:5:"admin";s:10:"controller";s:8:"category";s:10:"optiontime";i:1488250381;}
a:8:{s:2:"ip";s:0:"";s:5:"param";s:24:"s=admin&c=category&a=add";s:6:"userid";i:1;s:6:"action";s:3:"add";s:7:"options";s:30:"栏目管理 - 添加 - 提交";s:8:"username";s:5:"admin";s:10:"controller";s:8:"category";s:10:"optiontime";i:1488250287;}
a:8:{s:2:"ip";s:0:"";s:5:"param";s:24:"s=admin&c=category&a=add";s:6:"userid";i:1;s:6:"action";s:3:"add";s:7:"options";s:30:"栏目管理 - 添加 - 提交";s:8:"username";s:5:"admin";s:10:"controller";s:8:"category";s:10:"optiontime";i:1488250270;}
a:8:{s:2:"ip";s:0:"";s:5:"param";s:43:"s=admin&c=content&a=add&catid=27&modelid=13";s:6:"userid";i:1;s:6:"action";s:3:"add";s:7:"options";s:30:"内容管理 - 添加 - 提交";s:8:"username";s:5:"admin";s:10:"controller";s:7:"content";s:10:"optiontime";i:1488248730;}
a:8:{s:2:"ip";s:0:"";s:5:"param";s:43:"s=admin&c=content&a=add&catid=27&modelid=13";s:6:"userid";i:1;s:6:"action";s:3:"add";s:7:"options";s:30:"内容管理 - 添加 - 提交";s:8:"username";s:5:"admin";s:10:"controller";s:7:"content";s:10:"optiontime";i:1488213080;}
a:8:{s:2:"ip";s:0:"";s:5:"param";s:24:"s=admin&c=category&a=add";s:6:"userid";i:1;s:6:"action";s:3:"add";s:7:"options";s:30:"栏目管理 - 添加 - 提交";s:8:"username";s:5:"admin";s:10:"controller";s:8:"category";s:10:"optiontime";i:1488211237;}
