a:8:{s:2:"ip";s:0:"";s:5:"param";s:33:"s=admin&c=category&a=edit&catid=3";s:6:"userid";i:1;s:6:"action";s:4:"edit";s:7:"options";s:30:"栏目管理 - 修改 - 提交";s:8:"username";s:5:"admin";s:10:"controller";s:8:"category";s:10:"optiontime";i:1488010416;}
a:8:{s:2:"ip";s:0:"";s:5:"param";s:34:"s=admin&c=category&a=edit&catid=10";s:6:"userid";i:1;s:6:"action";s:4:"edit";s:7:"options";s:30:"栏目管理 - 修改 - 提交";s:8:"username";s:5:"admin";s:10:"controller";s:8:"category";s:10:"optiontime";i:1488010391;}
a:8:{s:2:"ip";s:0:"";s:5:"param";s:33:"s=admin&c=category&a=edit&catid=9";s:6:"userid";i:1;s:6:"action";s:4:"edit";s:7:"options";s:30:"栏目管理 - 修改 - 提交";s:8:"username";s:5:"admin";s:10:"controller";s:8:"category";s:10:"optiontime";i:1488010380;}
a:8:{s:2:"ip";s:0:"";s:5:"param";s:33:"s=admin&c=category&a=edit&catid=8";s:6:"userid";i:1;s:6:"action";s:4:"edit";s:7:"options";s:30:"栏目管理 - 修改 - 提交";s:8:"username";s:5:"admin";s:10:"controller";s:8:"category";s:10:"optiontime";i:1488010368;}
a:8:{s:2:"ip";s:0:"";s:5:"param";s:24:"s=admin&c=category&a=add";s:6:"userid";i:1;s:6:"action";s:3:"add";s:7:"options";s:30:"栏目管理 - 添加 - 提交";s:8:"username";s:5:"admin";s:10:"controller";s:8:"category";s:10:"optiontime";i:1488010358;}
a:8:{s:2:"ip";s:0:"";s:5:"param";s:24:"s=admin&c=category&a=add";s:6:"userid";i:1;s:6:"action";s:3:"add";s:7:"options";s:30:"栏目管理 - 添加 - 提交";s:8:"username";s:5:"admin";s:10:"controller";s:8:"category";s:10:"optiontime";i:1488010300;}
a:8:{s:2:"ip";s:0:"";s:5:"param";s:24:"s=admin&c=category&a=add";s:6:"userid";i:1;s:6:"action";s:3:"add";s:7:"options";s:30:"栏目管理 - 添加 - 提交";s:8:"username";s:5:"admin";s:10:"controller";s:8:"category";s:10:"optiontime";i:1488010255;}
a:8:{s:2:"ip";s:0:"";s:5:"param";s:24:"s=admin&c=category&a=add";s:6:"userid";i:1;s:6:"action";s:3:"add";s:7:"options";s:30:"栏目管理 - 添加 - 提交";s:8:"username";s:5:"admin";s:10:"controller";s:8:"category";s:10:"optiontime";i:1488009626;}
a:8:{s:2:"ip";s:0:"";s:5:"param";s:42:"s=admin&c=content&a=add&catid=7&modelid=11";s:6:"userid";i:1;s:6:"action";s:3:"add";s:7:"options";s:30:"内容管理 - 添加 - 提交";s:8:"username";s:5:"admin";s:10:"controller";s:7:"content";s:10:"optiontime";i:1488006611;}
a:8:{s:2:"ip";s:0:"";s:5:"param";s:42:"s=admin&c=content&a=add&catid=6&modelid=11";s:6:"userid";i:1;s:6:"action";s:3:"add";s:7:"options";s:30:"内容管理 - 添加 - 提交";s:8:"username";s:5:"admin";s:10:"controller";s:7:"content";s:10:"optiontime";i:1488006580;}
a:8:{s:2:"ip";s:0:"";s:5:"param";s:42:"s=admin&c=content&a=add&catid=6&modelid=11";s:6:"userid";i:1;s:6:"action";s:3:"add";s:7:"options";s:30:"内容管理 - 添加 - 提交";s:8:"username";s:5:"admin";s:10:"controller";s:7:"content";s:10:"optiontime";i:1488006562;}
a:8:{s:2:"ip";s:0:"";s:5:"param";s:24:"s=admin&c=category&a=add";s:6:"userid";i:1;s:6:"action";s:3:"add";s:7:"options";s:30:"栏目管理 - 添加 - 提交";s:8:"username";s:5:"admin";s:10:"controller";s:8:"category";s:10:"optiontime";i:1488006501;}
a:8:{s:2:"ip";s:0:"";s:5:"param";s:24:"s=admin&c=category&a=add";s:6:"userid";i:1;s:6:"action";s:3:"add";s:7:"options";s:30:"栏目管理 - 添加 - 提交";s:8:"username";s:5:"admin";s:10:"controller";s:8:"category";s:10:"optiontime";i:1488006459;}
a:8:{s:2:"ip";s:0:"";s:5:"param";s:24:"s=admin&c=category&a=add";s:6:"userid";i:1;s:6:"action";s:3:"add";s:7:"options";s:30:"栏目管理 - 添加 - 提交";s:8:"username";s:5:"admin";s:10:"controller";s:8:"category";s:10:"optiontime";i:1488006416;}
a:8:{s:2:"ip";s:0:"";s:5:"param";s:46:"s=admin&c=model&a=addfield&typeid=1&modelid=11";s:6:"userid";i:1;s:6:"action";s:8:"addfield";s:7:"options";s:36:"模型管理 - 添加字段 - 提交";s:8:"username";s:5:"admin";s:10:"controller";s:5:"model";s:10:"optiontime";i:1488006339;}
a:8:{s:2:"ip";s:0:"";s:5:"param";s:47:"s=admin&c=model&a=editfield&typeid=1&fieldid=48";s:6:"userid";i:1;s:6:"action";s:9:"editfield";s:7:"options";s:36:"模型管理 - 修改字段 - 提交";s:8:"username";s:5:"admin";s:10:"controller";s:5:"model";s:10:"optiontime";i:1488006275;}
a:8:{s:2:"ip";s:0:"";s:5:"param";s:30:"s=admin&c=model&a=add&typeid=1";s:6:"userid";i:1;s:6:"action";s:3:"add";s:7:"options";s:30:"模型管理 - 添加 - 提交";s:8:"username";s:5:"admin";s:10:"controller";s:5:"model";s:10:"optiontime";i:1488006182;}
a:8:{s:2:"ip";s:0:"";s:5:"param";s:29:"s=admin&c=content&a=edit&id=9";s:6:"userid";i:1;s:6:"action";s:4:"edit";s:7:"options";s:30:"内容管理 - 修改 - 提交";s:8:"username";s:5:"admin";s:10:"controller";s:7:"content";s:10:"optiontime";i:1488004899;}
a:8:{s:2:"ip";s:0:"";s:5:"param";s:42:"s=admin&c=content&a=add&catid=4&modelid=10";s:6:"userid";i:1;s:6:"action";s:3:"add";s:7:"options";s:30:"内容管理 - 添加 - 提交";s:8:"username";s:5:"admin";s:10:"controller";s:7:"content";s:10:"optiontime";i:1488002613;}
a:8:{s:2:"ip";s:0:"";s:5:"param";s:42:"s=admin&c=content&a=add&catid=4&modelid=10";s:6:"userid";i:1;s:6:"action";s:3:"add";s:7:"options";s:30:"内容管理 - 添加 - 提交";s:8:"username";s:5:"admin";s:10:"controller";s:7:"content";s:10:"optiontime";i:1488002569;}
a:8:{s:2:"ip";s:0:"";s:5:"param";s:42:"s=admin&c=content&a=add&catid=4&modelid=10";s:6:"userid";i:1;s:6:"action";s:3:"add";s:7:"options";s:30:"内容管理 - 添加 - 提交";s:8:"username";s:5:"admin";s:10:"controller";s:7:"content";s:10:"optiontime";i:1488002544;}
a:8:{s:2:"ip";s:0:"";s:5:"param";s:42:"s=admin&c=content&a=add&catid=4&modelid=10";s:6:"userid";i:1;s:6:"action";s:3:"add";s:7:"options";s:30:"内容管理 - 添加 - 提交";s:8:"username";s:5:"admin";s:10:"controller";s:7:"content";s:10:"optiontime";i:1488002516;}
a:8:{s:2:"ip";s:0:"";s:5:"param";s:42:"s=admin&c=content&a=add&catid=4&modelid=10";s:6:"userid";i:1;s:6:"action";s:3:"add";s:7:"options";s:30:"内容管理 - 添加 - 提交";s:8:"username";s:5:"admin";s:10:"controller";s:7:"content";s:10:"optiontime";i:1488002491;}
a:8:{s:2:"ip";s:0:"";s:5:"param";s:42:"s=admin&c=content&a=add&catid=4&modelid=10";s:6:"userid";i:1;s:6:"action";s:3:"add";s:7:"options";s:30:"内容管理 - 添加 - 提交";s:8:"username";s:5:"admin";s:10:"controller";s:7:"content";s:10:"optiontime";i:1488002458;}
a:8:{s:2:"ip";s:0:"";s:5:"param";s:42:"s=admin&c=content&a=add&catid=4&modelid=10";s:6:"userid";i:1;s:6:"action";s:3:"add";s:7:"options";s:30:"内容管理 - 添加 - 提交";s:8:"username";s:5:"admin";s:10:"controller";s:7:"content";s:10:"optiontime";i:1488002406;}
a:8:{s:2:"ip";s:0:"";s:5:"param";s:24:"s=admin&c=category&a=add";s:6:"userid";i:1;s:6:"action";s:3:"add";s:7:"options";s:30:"栏目管理 - 添加 - 提交";s:8:"username";s:5:"admin";s:10:"controller";s:8:"category";s:10:"optiontime";i:1488002290;}
a:8:{s:2:"ip";s:0:"";s:5:"param";s:46:"s=admin&c=model&a=addfield&typeid=1&modelid=10";s:6:"userid";i:1;s:6:"action";s:8:"addfield";s:7:"options";s:36:"模型管理 - 添加字段 - 提交";s:8:"username";s:5:"admin";s:10:"controller";s:5:"model";s:10:"optiontime";i:1488002228;}
a:8:{s:2:"ip";s:0:"";s:5:"param";s:47:"s=admin&c=model&a=editfield&typeid=1&fieldid=46";s:6:"userid";i:1;s:6:"action";s:9:"editfield";s:7:"options";s:36:"模型管理 - 修改字段 - 提交";s:8:"username";s:5:"admin";s:10:"controller";s:5:"model";s:10:"optiontime";i:1488002182;}
a:8:{s:2:"ip";s:0:"";s:5:"param";s:30:"s=admin&c=model&a=add&typeid=1";s:6:"userid";i:1;s:6:"action";s:3:"add";s:7:"options";s:30:"模型管理 - 添加 - 提交";s:8:"username";s:5:"admin";s:10:"controller";s:5:"model";s:10:"optiontime";i:1488002089;}
a:8:{s:2:"ip";s:0:"";s:5:"param";s:24:"s=admin&c=category&a=add";s:6:"userid";i:1;s:6:"action";s:3:"add";s:7:"options";s:30:"栏目管理 - 添加 - 提交";s:8:"username";s:5:"admin";s:10:"controller";s:8:"category";s:10:"optiontime";i:1487997434;}
a:8:{s:2:"ip";s:0:"";s:5:"param";s:24:"s=admin&c=category&a=add";s:6:"userid";i:1;s:6:"action";s:3:"add";s:7:"options";s:30:"栏目管理 - 添加 - 提交";s:8:"username";s:5:"admin";s:10:"controller";s:8:"category";s:10:"optiontime";i:1487997414;}
a:8:{s:2:"ip";s:0:"";s:5:"param";s:35:"s=admin&c=content&catid=2&modelid=9";s:6:"userid";i:1;s:6:"action";s:5:"index";s:7:"options";s:36:"内容管理 - 列表 - 批量排序";s:8:"username";s:5:"admin";s:10:"controller";s:7:"content";s:10:"optiontime";i:1487996824;}
a:8:{s:2:"ip";s:0:"";s:5:"param";s:41:"s=admin&c=content&a=add&catid=2&modelid=9";s:6:"userid";i:1;s:6:"action";s:3:"add";s:7:"options";s:30:"内容管理 - 添加 - 提交";s:8:"username";s:5:"admin";s:10:"controller";s:7:"content";s:10:"optiontime";i:1487996800;}
a:8:{s:2:"ip";s:0:"";s:5:"param";s:41:"s=admin&c=content&a=add&catid=2&modelid=9";s:6:"userid";i:1;s:6:"action";s:3:"add";s:7:"options";s:30:"内容管理 - 添加 - 提交";s:8:"username";s:5:"admin";s:10:"controller";s:7:"content";s:10:"optiontime";i:1487996777;}
a:8:{s:2:"ip";s:0:"";s:5:"param";s:41:"s=admin&c=content&a=add&catid=2&modelid=9";s:6:"userid";i:1;s:6:"action";s:3:"add";s:7:"options";s:30:"内容管理 - 添加 - 提交";s:8:"username";s:5:"admin";s:10:"controller";s:7:"content";s:10:"optiontime";i:1487996759;}
a:8:{s:2:"ip";s:0:"";s:5:"param";s:45:"s=admin&c=model&a=addfield&typeid=1&modelid=9";s:6:"userid";i:1;s:6:"action";s:8:"addfield";s:7:"options";s:36:"模型管理 - 添加字段 - 提交";s:8:"username";s:5:"admin";s:10:"controller";s:5:"model";s:10:"optiontime";i:1487996696;}
a:8:{s:2:"ip";s:0:"";s:5:"param";s:47:"s=admin&c=model&a=editfield&typeid=1&fieldid=44";s:6:"userid";i:1;s:6:"action";s:9:"editfield";s:7:"options";s:36:"模型管理 - 修改字段 - 提交";s:8:"username";s:5:"admin";s:10:"controller";s:5:"model";s:10:"optiontime";i:1487996555;}
a:8:{s:2:"ip";s:0:"";s:5:"param";s:24:"s=admin&c=category&a=add";s:6:"userid";i:1;s:6:"action";s:3:"add";s:7:"options";s:30:"栏目管理 - 添加 - 提交";s:8:"username";s:5:"admin";s:10:"controller";s:8:"category";s:10:"optiontime";i:1487996490;}
a:8:{s:2:"ip";s:0:"";s:5:"param";s:30:"s=admin&c=model&a=add&typeid=1";s:6:"userid";i:1;s:6:"action";s:3:"add";s:7:"options";s:30:"模型管理 - 添加 - 提交";s:8:"username";s:5:"admin";s:10:"controller";s:5:"model";s:10:"optiontime";i:1487996412;}
a:8:{s:2:"ip";s:0:"";s:5:"param";s:17:"s=admin&c=linkage";s:6:"userid";i:1;s:6:"action";s:5:"index";s:7:"options";s:36:"联动菜单管理 - 列表 - 提交";s:8:"username";s:5:"admin";s:10:"controller";s:7:"linkage";s:10:"optiontime";i:1487995334;}
a:8:{s:2:"ip";s:0:"";s:5:"param";s:23:"s=admin&c=linkage&a=add";s:6:"userid";i:1;s:6:"action";s:3:"add";s:7:"options";s:36:"联动菜单管理 - 添加 - 提交";s:8:"username";s:5:"admin";s:10:"controller";s:7:"linkage";s:10:"optiontime";i:1487993075;}
a:8:{s:2:"ip";s:0:"";s:5:"param";s:24:"s=admin&c=category&a=add";s:6:"userid";i:1;s:6:"action";s:3:"add";s:7:"options";s:30:"栏目管理 - 添加 - 提交";s:8:"username";s:5:"admin";s:10:"controller";s:8:"category";s:10:"optiontime";i:1487992958;}
a:8:{s:2:"ip";s:0:"";s:5:"param";s:30:"s=admin&c=model&a=add&typeid=1";s:6:"userid";i:1;s:6:"action";s:3:"add";s:7:"options";s:30:"模型管理 - 添加 - 提交";s:8:"username";s:5:"admin";s:10:"controller";s:5:"model";s:10:"optiontime";i:1487992920;}
a:8:{s:2:"ip";s:0:"";s:5:"param";s:30:"s=admin&c=model&a=add&typeid=1";s:6:"userid";i:1;s:6:"action";s:3:"add";s:7:"options";s:30:"模型管理 - 添加 - 提交";s:8:"username";s:5:"admin";s:10:"controller";s:5:"model";s:10:"optiontime";i:1487992915;}
a:8:{s:2:"ip";s:0:"";s:5:"param";s:30:"s=admin&c=model&a=add&typeid=1";s:6:"userid";i:1;s:6:"action";s:3:"add";s:7:"options";s:30:"模型管理 - 添加 - 提交";s:8:"username";s:5:"admin";s:10:"controller";s:5:"model";s:10:"optiontime";i:1487992897;}
a:8:{s:2:"ip";s:0:"";s:5:"param";s:30:"s=admin&c=model&a=add&typeid=1";s:6:"userid";i:1;s:6:"action";s:3:"add";s:7:"options";s:30:"模型管理 - 添加 - 提交";s:8:"username";s:5:"admin";s:10:"controller";s:5:"model";s:10:"optiontime";i:1487992893;}
