a:8:{s:2:"ip";s:0:"";s:5:"param";s:30:"s=admin&c=user&a=edit&userid=1";s:6:"userid";i:1;s:6:"action";s:4:"edit";s:7:"options";s:33:"管理员成员 - 修改 - 提交";s:8:"username";s:5:"admin";s:10:"controller";s:4:"user";s:10:"optiontime";i:1490772639;}
a:8:{s:2:"ip";s:0:"";s:5:"param";s:34:"s=admin&c=category&a=edit&catid=23";s:6:"userid";i:1;s:6:"action";s:4:"edit";s:7:"options";s:30:"栏目管理 - 修改 - 提交";s:8:"username";s:5:"admin";s:10:"controller";s:8:"category";s:10:"optiontime";i:1490765111;}
a:8:{s:2:"ip";s:0:"";s:5:"param";s:34:"s=admin&c=category&a=edit&catid=22";s:6:"userid";i:1;s:6:"action";s:4:"edit";s:7:"options";s:30:"栏目管理 - 修改 - 提交";s:8:"username";s:5:"admin";s:10:"controller";s:8:"category";s:10:"optiontime";i:1490765099;}
a:8:{s:2:"ip";s:0:"";s:5:"param";s:34:"s=admin&c=category&a=edit&catid=21";s:6:"userid";i:1;s:6:"action";s:4:"edit";s:7:"options";s:30:"栏目管理 - 修改 - 提交";s:8:"username";s:5:"admin";s:10:"controller";s:8:"category";s:10:"optiontime";i:1490765091;}
a:8:{s:2:"ip";s:0:"";s:5:"param";s:34:"s=admin&c=category&a=edit&catid=20";s:6:"userid";i:1;s:6:"action";s:4:"edit";s:7:"options";s:30:"栏目管理 - 修改 - 提交";s:8:"username";s:5:"admin";s:10:"controller";s:8:"category";s:10:"optiontime";i:1490765083;}
a:8:{s:2:"ip";s:0:"";s:5:"param";s:34:"s=admin&c=category&a=edit&catid=19";s:6:"userid";i:1;s:6:"action";s:4:"edit";s:7:"options";s:30:"栏目管理 - 修改 - 提交";s:8:"username";s:5:"admin";s:10:"controller";s:8:"category";s:10:"optiontime";i:1490765073;}
a:8:{s:2:"ip";s:0:"";s:5:"param";s:30:"s=admin&c=content&a=edit&id=33";s:6:"userid";i:1;s:6:"action";s:4:"edit";s:7:"options";s:30:"内容管理 - 修改 - 提交";s:8:"username";s:5:"admin";s:10:"controller";s:7:"content";s:10:"optiontime";i:1490764835;}
a:8:{s:2:"ip";s:0:"";s:5:"param";s:34:"s=admin&c=category&a=edit&catid=17";s:6:"userid";i:1;s:6:"action";s:4:"edit";s:7:"options";s:30:"栏目管理 - 修改 - 提交";s:8:"username";s:5:"admin";s:10:"controller";s:8:"category";s:10:"optiontime";i:1490757939;}
a:8:{s:2:"ip";s:0:"";s:5:"param";s:34:"s=admin&c=category&a=edit&catid=16";s:6:"userid";i:1;s:6:"action";s:4:"edit";s:7:"options";s:30:"栏目管理 - 修改 - 提交";s:8:"username";s:5:"admin";s:10:"controller";s:8:"category";s:10:"optiontime";i:1490757931;}
a:8:{s:2:"ip";s:0:"";s:5:"param";s:34:"s=admin&c=category&a=edit&catid=15";s:6:"userid";i:1;s:6:"action";s:4:"edit";s:7:"options";s:30:"栏目管理 - 修改 - 提交";s:8:"username";s:5:"admin";s:10:"controller";s:8:"category";s:10:"optiontime";i:1490757923;}
a:8:{s:2:"ip";s:0:"";s:5:"param";s:34:"s=admin&c=category&a=edit&catid=14";s:6:"userid";i:1;s:6:"action";s:4:"edit";s:7:"options";s:30:"栏目管理 - 修改 - 提交";s:8:"username";s:5:"admin";s:10:"controller";s:8:"category";s:10:"optiontime";i:1490757915;}
a:8:{s:2:"ip";s:0:"";s:5:"param";s:30:"s=admin&c=content&a=edit&id=33";s:6:"userid";i:1;s:6:"action";s:4:"edit";s:7:"options";s:30:"内容管理 - 修改 - 提交";s:8:"username";s:5:"admin";s:10:"controller";s:7:"content";s:10:"optiontime";i:1490757778;}
a:8:{s:2:"ip";s:0:"";s:5:"param";s:44:"s=admin&c=model&a=fields&modelid=12&typeid=1";s:6:"userid";i:1;s:6:"action";s:6:"fields";s:7:"options";s:36:"模型管理 - 字段管理 - 提交";s:8:"username";s:5:"admin";s:10:"controller";s:5:"model";s:10:"optiontime";i:1490757703;}
a:8:{s:2:"ip";s:0:"";s:5:"param";s:46:"s=admin&c=model&a=addfield&typeid=1&modelid=12";s:6:"userid";i:1;s:6:"action";s:8:"addfield";s:7:"options";s:36:"模型管理 - 添加字段 - 提交";s:8:"username";s:5:"admin";s:10:"controller";s:5:"model";s:10:"optiontime";i:1490757698;}
a:8:{s:2:"ip";s:0:"";s:5:"param";s:44:"s=admin&c=model&a=fields&modelid=12&typeid=1";s:6:"userid";i:1;s:6:"action";s:6:"fields";s:7:"options";s:36:"模型管理 - 字段管理 - 提交";s:8:"username";s:5:"admin";s:10:"controller";s:5:"model";s:10:"optiontime";i:1490757671;}
a:8:{s:2:"ip";s:0:"";s:5:"param";s:46:"s=admin&c=model&a=addfield&typeid=1&modelid=12";s:6:"userid";i:1;s:6:"action";s:8:"addfield";s:7:"options";s:36:"模型管理 - 添加字段 - 提交";s:8:"username";s:5:"admin";s:10:"controller";s:5:"model";s:10:"optiontime";i:1490757651;}
a:8:{s:2:"ip";s:0:"";s:5:"param";s:34:"s=admin&c=category&a=edit&catid=14";s:6:"userid";i:1;s:6:"action";s:4:"edit";s:7:"options";s:30:"栏目管理 - 修改 - 提交";s:8:"username";s:5:"admin";s:10:"controller";s:8:"category";s:10:"optiontime";i:1490757000;}
a:8:{s:2:"ip";s:0:"";s:5:"param";s:42:"s=admin&c=model&a=edit&typeid=1&modelid=12";s:6:"userid";i:1;s:6:"action";s:4:"edit";s:7:"options";s:30:"模型管理 - 修改 - 提交";s:8:"username";s:5:"admin";s:10:"controller";s:5:"model";s:10:"optiontime";i:1490756972;}
a:8:{s:2:"ip";s:0:"";s:5:"param";s:42:"s=admin&c=model&a=edit&typeid=1&modelid=12";s:6:"userid";i:1;s:6:"action";s:4:"edit";s:7:"options";s:30:"模型管理 - 修改 - 提交";s:8:"username";s:5:"admin";s:10:"controller";s:5:"model";s:10:"optiontime";i:1490756746;}
a:8:{s:2:"ip";s:0:"";s:5:"param";s:26:"s=admin&c=site&a=edit&id=1";s:6:"userid";i:1;s:6:"action";s:4:"edit";s:7:"options";s:30:"网站管理 - 修改 - 提交";s:8:"username";s:5:"admin";s:10:"controller";s:4:"site";s:10:"optiontime";i:1490756365;}
a:8:{s:2:"ip";s:0:"";s:5:"param";s:42:"s=admin&c=model&a=edit&typeid=1&modelid=12";s:6:"userid";i:1;s:6:"action";s:4:"edit";s:7:"options";s:30:"模型管理 - 修改 - 提交";s:8:"username";s:5:"admin";s:10:"controller";s:5:"model";s:10:"optiontime";i:1490755990;}
a:8:{s:2:"ip";s:0:"";s:5:"param";s:47:"s=admin&c=model&a=editfield&typeid=1&fieldid=50";s:6:"userid";i:1;s:6:"action";s:9:"editfield";s:7:"options";s:36:"模型管理 - 修改字段 - 提交";s:8:"username";s:5:"admin";s:10:"controller";s:5:"model";s:10:"optiontime";i:1490755974;}
a:8:{s:2:"ip";s:0:"";s:5:"param";s:34:"s=admin&c=category&a=edit&catid=14";s:6:"userid";i:1;s:6:"action";s:4:"edit";s:7:"options";s:30:"栏目管理 - 修改 - 提交";s:8:"username";s:5:"admin";s:10:"controller";s:8:"category";s:10:"optiontime";i:1490755909;}
a:8:{s:2:"ip";s:0:"";s:5:"param";s:34:"s=admin&c=category&a=edit&catid=14";s:6:"userid";i:1;s:6:"action";s:4:"edit";s:7:"options";s:30:"栏目管理 - 修改 - 提交";s:8:"username";s:5:"admin";s:10:"controller";s:8:"category";s:10:"optiontime";i:1490755852;}
a:8:{s:2:"ip";s:0:"";s:5:"param";s:34:"s=admin&c=category&a=edit&catid=19";s:6:"userid";i:1;s:6:"action";s:4:"edit";s:7:"options";s:30:"栏目管理 - 修改 - 提交";s:8:"username";s:5:"admin";s:10:"controller";s:8:"category";s:10:"optiontime";i:1490755779;}
a:8:{s:2:"ip";s:0:"";s:5:"param";s:43:"s=admin&c=content&a=add&catid=14&modelid=12";s:6:"userid";i:1;s:6:"action";s:3:"add";s:7:"options";s:30:"内容管理 - 添加 - 提交";s:8:"username";s:5:"admin";s:10:"controller";s:7:"content";s:10:"optiontime";i:1490755732;}
a:8:{s:2:"ip";s:0:"";s:5:"param";s:30:"s=admin&c=content&a=edit&id=18";s:6:"userid";i:1;s:6:"action";s:4:"edit";s:7:"options";s:30:"内容管理 - 修改 - 提交";s:8:"username";s:5:"admin";s:10:"controller";s:7:"content";s:10:"optiontime";i:1490755692;}
a:8:{s:2:"ip";s:0:"";s:5:"param";s:42:"s=admin&c=model&a=edit&typeid=1&modelid=12";s:6:"userid";i:1;s:6:"action";s:4:"edit";s:7:"options";s:30:"模型管理 - 修改 - 提交";s:8:"username";s:5:"admin";s:10:"controller";s:5:"model";s:10:"optiontime";i:1490755675;}
a:8:{s:2:"ip";s:0:"";s:5:"param";s:42:"s=admin&c=model&a=edit&typeid=1&modelid=12";s:6:"userid";i:1;s:6:"action";s:4:"edit";s:7:"options";s:30:"模型管理 - 修改 - 提交";s:8:"username";s:5:"admin";s:10:"controller";s:5:"model";s:10:"optiontime";i:1490755632;}
a:8:{s:2:"ip";s:0:"";s:5:"param";s:42:"s=admin&c=content&a=add&catid=12&modelid=1";s:6:"userid";i:1;s:6:"action";s:3:"add";s:7:"options";s:30:"内容管理 - 添加 - 提交";s:8:"username";s:5:"admin";s:10:"controller";s:7:"content";s:10:"optiontime";i:1490755512;}
a:8:{s:2:"ip";s:0:"";s:5:"param";s:34:"s=admin&c=category&a=edit&catid=14";s:6:"userid";i:1;s:6:"action";s:4:"edit";s:7:"options";s:30:"栏目管理 - 修改 - 提交";s:8:"username";s:5:"admin";s:10:"controller";s:8:"category";s:10:"optiontime";i:1490755289;}
a:8:{s:2:"ip";s:0:"";s:5:"param";s:34:"s=admin&c=category&a=edit&catid=17";s:6:"userid";i:1;s:6:"action";s:4:"edit";s:7:"options";s:30:"栏目管理 - 修改 - 提交";s:8:"username";s:5:"admin";s:10:"controller";s:8:"category";s:10:"optiontime";i:1490755103;}
a:8:{s:2:"ip";s:0:"";s:5:"param";s:34:"s=admin&c=category&a=edit&catid=16";s:6:"userid";i:1;s:6:"action";s:4:"edit";s:7:"options";s:30:"栏目管理 - 修改 - 提交";s:8:"username";s:5:"admin";s:10:"controller";s:8:"category";s:10:"optiontime";i:1490755093;}
a:8:{s:2:"ip";s:0:"";s:5:"param";s:34:"s=admin&c=category&a=edit&catid=15";s:6:"userid";i:1;s:6:"action";s:4:"edit";s:7:"options";s:30:"栏目管理 - 修改 - 提交";s:8:"username";s:5:"admin";s:10:"controller";s:8:"category";s:10:"optiontime";i:1490755082;}
a:8:{s:2:"ip";s:0:"";s:5:"param";s:34:"s=admin&c=category&a=edit&catid=14";s:6:"userid";i:1;s:6:"action";s:4:"edit";s:7:"options";s:30:"栏目管理 - 修改 - 提交";s:8:"username";s:5:"admin";s:10:"controller";s:8:"category";s:10:"optiontime";i:1490755072;}
a:8:{s:2:"ip";s:0:"";s:5:"param";s:34:"s=admin&c=category&a=edit&catid=14";s:6:"userid";i:1;s:6:"action";s:4:"edit";s:7:"options";s:30:"栏目管理 - 修改 - 提交";s:8:"username";s:5:"admin";s:10:"controller";s:8:"category";s:10:"optiontime";i:1490755059;}
a:8:{s:2:"ip";s:0:"";s:5:"param";s:30:"s=admin&c=content&a=edit&id=18";s:6:"userid";i:1;s:6:"action";s:4:"edit";s:7:"options";s:30:"内容管理 - 修改 - 提交";s:8:"username";s:5:"admin";s:10:"controller";s:7:"content";s:10:"optiontime";i:1490754973;}
a:8:{s:2:"ip";s:0:"";s:5:"param";s:47:"s=admin&c=model&a=editfield&typeid=1&fieldid=78";s:6:"userid";i:1;s:6:"action";s:9:"editfield";s:7:"options";s:36:"模型管理 - 修改字段 - 提交";s:8:"username";s:5:"admin";s:10:"controller";s:5:"model";s:10:"optiontime";i:1490754923;}
a:8:{s:2:"ip";s:0:"";s:5:"param";s:44:"s=admin&c=model&a=fields&typeid=1&modelid=12";s:6:"userid";i:1;s:6:"action";s:6:"fields";s:7:"options";s:36:"模型管理 - 字段管理 - 提交";s:8:"username";s:5:"admin";s:10:"controller";s:5:"model";s:10:"optiontime";i:1490754260;}
a:8:{s:2:"ip";s:0:"";s:5:"param";s:46:"s=admin&c=model&a=addfield&typeid=1&modelid=12";s:6:"userid";i:1;s:6:"action";s:8:"addfield";s:7:"options";s:36:"模型管理 - 添加字段 - 提交";s:8:"username";s:5:"admin";s:10:"controller";s:5:"model";s:10:"optiontime";i:1490754165;}
a:8:{s:2:"ip";s:0:"";s:5:"param";s:46:"s=admin&c=model&a=addfield&typeid=1&modelid=12";s:6:"userid";i:1;s:6:"action";s:8:"addfield";s:7:"options";s:36:"模型管理 - 添加字段 - 提交";s:8:"username";s:5:"admin";s:10:"controller";s:5:"model";s:10:"optiontime";i:1490753941;}
